c:\users\dbisig\programming\of_v0.12.0_sonosphere\apps\myapps\sphericalsoundfileplayer_v1_15_win\obj\x64\release\vc143.pdb
c:\users\dbisig\programming\of_v0.12.0_sonosphere\apps\myapps\sphericalsoundfileplayer_v1_15_win\obj\x64\release\build\ofxdabosc\libs\oscpack\src\ip\release\ipendpointname.obj
c:\users\dbisig\programming\of_v0.12.0_sonosphere\apps\myapps\sphericalsoundfileplayer_v1_15_win\obj\x64\release\build\ofxdabbase\src\release\dab_singleton.obj
c:\users\dbisig\programming\of_v0.12.0_sonosphere\apps\myapps\sphericalsoundfileplayer_v1_15_win\obj\x64\release\build\ofxdabbase\src\release\dab_parameter.obj
c:\users\dbisig\programming\of_v0.12.0_sonosphere\apps\myapps\sphericalsoundfileplayer_v1_15_win\obj\x64\release\build\ofxdabbase\src\release\dab_exception.obj
c:\users\dbisig\programming\of_v0.12.0_sonosphere\apps\myapps\sphericalsoundfileplayer_v1_15_win\obj\x64\release\build\ofxdabbase\src\release\dab_array.obj
c:\users\dbisig\programming\of_v0.12.0_sonosphere\apps\myapps\sphericalsoundfileplayer_v1_15_win\obj\x64\release\build\ofxdabbase\src\release\dab_listener.obj
c:\users\dbisig\programming\of_v0.12.0_sonosphere\apps\myapps\sphericalsoundfileplayer_v1_15_win\obj\x64\release\build\ofxdabbase\src\release\dab_tokenizer.obj
c:\users\dbisig\programming\of_v0.12.0_sonosphere\apps\myapps\sphericalsoundfileplayer_v1_15_win\obj\x64\release\build\ofxdabbase\src\release\dab_buffer.obj
c:\users\dbisig\programming\of_v0.12.0_sonosphere\apps\myapps\sphericalsoundfileplayer_v1_15_win\obj\x64\release\build\ofxdabbase\src\release\dab_file_io.obj
c:\users\dbisig\programming\of_v0.12.0_sonosphere\apps\myapps\sphericalsoundfileplayer_v1_15_win\obj\x64\release\build\ofxdabbase\src\release\dab_value.obj
c:\users\dbisig\programming\of_v0.12.0_sonosphere\apps\myapps\sphericalsoundfileplayer_v1_15_win\obj\x64\release\build\src\release\ofapp.obj
c:\users\dbisig\programming\of_v0.12.0_sonosphere\apps\myapps\sphericalsoundfileplayer_v1_15_win\obj\x64\release\build\src\release\main.obj
c:\users\dbisig\programming\of_v0.12.0_sonosphere\apps\myapps\sphericalsoundfileplayer_v1_15_win\obj\x64\release\build\ofxdabosc\src\release\dab_osc_arg.obj
c:\users\dbisig\programming\of_v0.12.0_sonosphere\apps\myapps\sphericalsoundfileplayer_v1_15_win\obj\x64\release\build\ofxdabosc\src\release\dab_osc_utils.obj
c:\users\dbisig\programming\of_v0.12.0_sonosphere\apps\myapps\sphericalsoundfileplayer_v1_15_win\obj\x64\release\build\ofxdabosc\src\release\dab_osc_sender.obj
c:\users\dbisig\programming\of_v0.12.0_sonosphere\apps\myapps\sphericalsoundfileplayer_v1_15_win\obj\x64\release\build\ofxdabosc\src\release\dab_osc_receiver.obj
c:\users\dbisig\programming\of_v0.12.0_sonosphere\apps\myapps\sphericalsoundfileplayer_v1_15_win\obj\x64\release\build\ofxdabosc\src\release\dab_osc_messenger.obj
c:\users\dbisig\programming\of_v0.12.0_sonosphere\apps\myapps\sphericalsoundfileplayer_v1_15_win\obj\x64\release\build\ofxdabosc\src\release\dab_osc_message.obj
c:\users\dbisig\programming\of_v0.12.0_sonosphere\apps\myapps\sphericalsoundfileplayer_v1_15_win\obj\x64\release\build\ofxdabosc\libs\oscpack\src\ip\win32\release\networkingutils.obj
c:\users\dbisig\programming\of_v0.12.0_sonosphere\apps\myapps\sphericalsoundfileplayer_v1_15_win\obj\x64\release\build\ofxdabosc\libs\oscpack\src\ip\win32\release\udpsocket.obj
c:\users\dbisig\programming\of_v0.12.0_sonosphere\apps\myapps\sphericalsoundfileplayer_v1_15_win\obj\x64\release\build\ofxdabosc\libs\oscpack\src\osc\release\oscoutboundpacketstream.obj
c:\users\dbisig\programming\of_v0.12.0_sonosphere\apps\myapps\sphericalsoundfileplayer_v1_15_win\obj\x64\release\build\ofxdabosc\libs\oscpack\src\osc\release\oscreceivedelements.obj
c:\users\dbisig\programming\of_v0.12.0_sonosphere\apps\myapps\sphericalsoundfileplayer_v1_15_win\obj\x64\release\build\ofxdabosc\libs\oscpack\src\osc\release\oscprintreceivedelements.obj
c:\users\dbisig\programming\of_v0.12.0_sonosphere\apps\myapps\sphericalsoundfileplayer_v1_15_win\obj\x64\release\build\ofxdabosc\libs\oscpack\src\osc\release\osctypes.obj
c:\users\dbisig\programming\of_v0.12.0_sonosphere\apps\myapps\sphericalsoundfileplayer_v1_15_win\obj\x64\release\build\ofxdatgui\src\core\release\ofxdatguicomponent.obj
c:\users\dbisig\programming\of_v0.12.0_sonosphere\apps\myapps\sphericalsoundfileplayer_v1_15_win\obj\x64\release\build\ofxdatgui\src\libs\ofxsmartfont\release\ofxsmartfont.obj
c:\users\dbisig\programming\of_v0.12.0_sonosphere\apps\myapps\sphericalsoundfileplayer_v1_15_win\obj\x64\release\build\ofxdatgui\src\release\ofxdatgui.obj
c:\users\dbisig\programming\of_v0.12.0_sonosphere\apps\myapps\sphericalsoundfileplayer_v1_15_win_broken\obj\x64\release\build\src\release\main.obj
c:\users\dbisig\programming\of_v0.12.0_sonosphere\apps\myapps\sphericalsoundfileplayer_v1_15_win_broken\obj\x64\release\build\src\release\ofapp.obj
c:\users\dbisig\programming\of_v0.12.0_sonosphere\apps\myapps\sphericalsoundfileplayer_v1_15_win_broken\obj\x64\release\vc143.pdb
c:\users\dbisig\programming\of_v0.12.0_sonosphere\apps\myapps\sphericalsoundfileplayer_v1_15_win_broken\obj\x64\release\build\ofxdabbase\src\release\dab_parameter.obj
c:\users\dbisig\programming\of_v0.12.0_sonosphere\apps\myapps\sphericalsoundfileplayer_v1_15_win_broken\obj\x64\release\build\ofxdabbase\src\release\dab_buffer.obj
c:\users\dbisig\programming\of_v0.12.0_sonosphere\apps\myapps\sphericalsoundfileplayer_v1_15_win_broken\obj\x64\release\build\ofxdabbase\src\release\dab_listener.obj
c:\users\dbisig\programming\of_v0.12.0_sonosphere\apps\myapps\sphericalsoundfileplayer_v1_15_win_broken\obj\x64\release\build\ofxdabbase\src\release\dab_tokenizer.obj
c:\users\dbisig\programming\of_v0.12.0_sonosphere\apps\myapps\sphericalsoundfileplayer_v1_15_win_broken\obj\x64\release\build\ofxdabbase\src\release\dab_array.obj
c:\users\dbisig\programming\of_v0.12.0_sonosphere\apps\myapps\sphericalsoundfileplayer_v1_15_win_broken\obj\x64\release\build\ofxdabbase\src\release\dab_exception.obj
c:\users\dbisig\programming\of_v0.12.0_sonosphere\apps\myapps\sphericalsoundfileplayer_v1_15_win_broken\obj\x64\release\build\ofxdabbase\src\release\dab_file_io.obj
c:\users\dbisig\programming\of_v0.12.0_sonosphere\apps\myapps\sphericalsoundfileplayer_v1_15_win_broken\obj\x64\release\build\ofxdabbase\src\release\dab_value.obj
c:\users\dbisig\programming\of_v0.12.0_sonosphere\apps\myapps\sphericalsoundfileplayer_v1_15_win_broken\obj\x64\release\build\ofxdabbase\src\release\dab_singleton.obj
c:\users\dbisig\programming\of_v0.12.0_sonosphere\apps\myapps\sphericalsoundfileplayer_v1_15_win_broken\obj\x64\release\build\ofxdabosc\src\release\dab_osc_receiver.obj
c:\users\dbisig\programming\of_v0.12.0_sonosphere\apps\myapps\sphericalsoundfileplayer_v1_15_win_broken\obj\x64\release\build\ofxdabosc\src\release\dab_osc_messenger.obj
c:\users\dbisig\programming\of_v0.12.0_sonosphere\apps\myapps\sphericalsoundfileplayer_v1_15_win_broken\obj\x64\release\build\ofxdabosc\src\release\dab_osc_utils.obj
c:\users\dbisig\programming\of_v0.12.0_sonosphere\apps\myapps\sphericalsoundfileplayer_v1_15_win_broken\obj\x64\release\build\ofxdabosc\src\release\dab_osc_sender.obj
c:\users\dbisig\programming\of_v0.12.0_sonosphere\apps\myapps\sphericalsoundfileplayer_v1_15_win_broken\obj\x64\release\build\ofxdabosc\src\release\dab_osc_arg.obj
c:\users\dbisig\programming\of_v0.12.0_sonosphere\apps\myapps\sphericalsoundfileplayer_v1_15_win_broken\obj\x64\release\build\ofxdabosc\src\release\dab_osc_message.obj
c:\users\dbisig\programming\of_v0.12.0_sonosphere\apps\myapps\sphericalsoundfileplayer_v1_15_win_broken\obj\x64\release\build\ofxdabosc\libs\oscpack\src\ip\release\ipendpointname.obj
c:\users\dbisig\programming\of_v0.12.0_sonosphere\apps\myapps\sphericalsoundfileplayer_v1_15_win_broken\obj\x64\release\build\ofxdabosc\libs\oscpack\src\ip\win32\release\udpsocket.obj
c:\users\dbisig\programming\of_v0.12.0_sonosphere\apps\myapps\sphericalsoundfileplayer_v1_15_win_broken\obj\x64\release\build\ofxdabosc\libs\oscpack\src\ip\win32\release\networkingutils.obj
c:\users\dbisig\programming\of_v0.12.0_sonosphere\apps\myapps\sphericalsoundfileplayer_v1_15_win_broken\obj\x64\release\build\ofxdabosc\libs\oscpack\src\osc\release\oscreceivedelements.obj
c:\users\dbisig\programming\of_v0.12.0_sonosphere\apps\myapps\sphericalsoundfileplayer_v1_15_win_broken\obj\x64\release\build\ofxdabosc\libs\oscpack\src\osc\release\oscoutboundpacketstream.obj
c:\users\dbisig\programming\of_v0.12.0_sonosphere\apps\myapps\sphericalsoundfileplayer_v1_15_win_broken\obj\x64\release\build\ofxdabosc\libs\oscpack\src\osc\release\oscprintreceivedelements.obj
c:\users\dbisig\programming\of_v0.12.0_sonosphere\apps\myapps\sphericalsoundfileplayer_v1_15_win_broken\obj\x64\release\build\ofxdabosc\libs\oscpack\src\osc\release\osctypes.obj
c:\users\dbisig\programming\of_v0.12.0_sonosphere\apps\myapps\sphericalsoundfileplayer_v1_15_win_broken\obj\x64\release\build\ofxdatgui\src\core\release\ofxdatguicomponent.obj
c:\users\dbisig\programming\of_v0.12.0_sonosphere\apps\myapps\sphericalsoundfileplayer_v1_15_win_broken\obj\x64\release\build\ofxdatgui\src\libs\ofxsmartfont\release\ofxsmartfont.obj
c:\users\dbisig\programming\of_v0.12.0_sonosphere\apps\myapps\sphericalsoundfileplayer_v1_15_win_broken\obj\x64\release\build\ofxdatgui\src\release\ofxdatgui.obj
c:\users\dbisig\programming\of_v0.12.0_sonosphere\apps\myapps\sphericalsoundfileplayer_v1_15_win\bin\sphericalsoundfileplayer_v1_15_win.lib
c:\users\dbisig\programming\of_v0.12.0_sonosphere\apps\myapps\sphericalsoundfileplayer_v1_15_win\bin\sphericalsoundfileplayer_v1_15_win.exp
c:\users\dbisig\programming\of_v0.12.0_sonosphere\apps\myapps\sphericalsoundfileplayer_v1_15_win\bin\sphericalsoundfileplayer_v1_15_win.exe
c:\users\dbisig\programming\of_v0.12.0_sonosphere\apps\myapps\sphericalsoundfileplayer_v1_15_win\bin\sphericalsoundfileplayer_v1_15_win.pdb
c:\users\dbisig\programming\of_v0.12.0_sonosphere\apps\myapps\sphericalsoundfileplayer_v1_15_win_broken\bin\sphericalsoundfileplayer_v1_15_win.exe
c:\users\dbisig\programming\of_v0.12.0_sonosphere\apps\myapps\sphericalsoundfileplayer_v1_15_win_broken\bin\sphericalsoundfileplayer_v1_15_win.pdb
c:\users\dbisig\programming\of_v0.12.0_sonosphere\apps\myapps\sphericalsoundfileplayer_v1_15_win_broken\bin\sphericalsoundfileplayer_v1_15_win.lib
c:\users\dbisig\programming\of_v0.12.0_sonosphere\apps\myapps\sphericalsoundfileplayer_v1_15_win_broken\bin\sphericalsoundfileplayer_v1_15_win.exp
c:\users\dbisig\programming\of_v0.12.0_sonosphere\apps\myapps\sphericalsoundfileplayer_v1_15_win\obj\x64\release\icon.res
c:\users\dbisig\programming\of_v0.12.0_sonosphere\apps\myapps\sphericalsoundfileplayer_v1_15_win_broken\obj\x64\release\icon.res
c:\users\dbisig\programming\of_v0.12.0_sonosphere\apps\myapps\sphericalsoundfileplayer_v1_15_win_broken\obj\x64\release\spherica.7fd42df7.tlog\cl.command.1.tlog
c:\users\dbisig\programming\of_v0.12.0_sonosphere\apps\myapps\sphericalsoundfileplayer_v1_15_win_broken\obj\x64\release\spherica.7fd42df7.tlog\cl.read.1.tlog
c:\users\dbisig\programming\of_v0.12.0_sonosphere\apps\myapps\sphericalsoundfileplayer_v1_15_win_broken\obj\x64\release\spherica.7fd42df7.tlog\cl.write.1.tlog
c:\users\dbisig\programming\of_v0.12.0_sonosphere\apps\myapps\sphericalsoundfileplayer_v1_15_win_broken\obj\x64\release\spherica.7fd42df7.tlog\link.command.1.tlog
c:\users\dbisig\programming\of_v0.12.0_sonosphere\apps\myapps\sphericalsoundfileplayer_v1_15_win_broken\obj\x64\release\spherica.7fd42df7.tlog\link.read.1.tlog
c:\users\dbisig\programming\of_v0.12.0_sonosphere\apps\myapps\sphericalsoundfileplayer_v1_15_win_broken\obj\x64\release\spherica.7fd42df7.tlog\link.write.1.tlog
c:\users\dbisig\programming\of_v0.12.0_sonosphere\apps\myapps\sphericalsoundfileplayer_v1_15_win_broken\obj\x64\release\spherica.7fd42df7.tlog\link.write.2u.tlog
c:\users\dbisig\programming\of_v0.12.0_sonosphere\apps\myapps\sphericalsoundfileplayer_v1_15_win_broken\obj\x64\release\spherica.7fd42df7.tlog\rc.command.1.tlog
c:\users\dbisig\programming\of_v0.12.0_sonosphere\apps\myapps\sphericalsoundfileplayer_v1_15_win_broken\obj\x64\release\spherica.7fd42df7.tlog\rc.read.1.tlog
c:\users\dbisig\programming\of_v0.12.0_sonosphere\apps\myapps\sphericalsoundfileplayer_v1_15_win_broken\obj\x64\release\spherica.7fd42df7.tlog\rc.write.1.tlog
