  ofApp.cpp
C:\Users\dbisig\Programming\of_v0.12.0\libs\openFrameworks\math\ofMatrix4x4.h(326,1): warning C4267: 'argument': conversion from 'size_t' to 'int', possible loss of data
C:\Users\dbisig\Programming\of_v0.12.0\libs\openFrameworks\math\ofMatrix4x4.h(331,1): warning C4267: 'argument': conversion from 'size_t' to 'int', possible loss of data
C:\Users\dbisig\Programming\of_v0.12.0\libs\openFrameworks\math\ofMatrix4x4.h(912,12): warning C4267: 'argument': conversion from 'size_t' to 'int', possible loss of data
C:\Users\dbisig\Programming\of_v0.12.0\libs\openFrameworks\math\ofMatrix4x4.h(913,12): warning C4267: 'argument': conversion from 'size_t' to 'int', possible loss of data
C:\Users\dbisig\Programming\of_v0.12.0\libs\openFrameworks\math\ofMatrix4x4.h(914,12): warning C4267: 'argument': conversion from 'size_t' to 'int', possible loss of data
C:\Users\dbisig\Programming\of_v0.12.0\libs\openFrameworks\math\ofMatrix4x4.h(915,12): warning C4267: 'argument': conversion from 'size_t' to 'int', possible loss of data
C:\Users\dbisig\Programming\of_v0.12.0\apps\myApps\Azure_osc_sphericalInstrument_player\src\ofApp.cpp(60,57): warning C4267: 'argument': conversion from 'size_t' to 'uint32_t', possible loss of data
  LINK : /LTCG specified but no code generation required; remove /LTCG from the link command line to improve linker performance
glew32s.lib(glew.obj) : warning LNK4099: PDB '' was not found with 'glew32s.lib(glew.obj)' or at ''; linking object as if no debug info
libcurl.lib(easy.obj) : warning LNK4099: PDB '' was not found with 'libcurl.lib(easy.obj)' or at ''; linking object as if no debug info
libcurl.lib(slist.obj) : warning LNK4099: PDB '' was not found with 'libcurl.lib(slist.obj)' or at ''; linking object as if no debug info
libcurl.lib(strerror.obj) : warning LNK4099: PDB '' was not found with 'libcurl.lib(strerror.obj)' or at ''; linking object as if no debug info
libcurl.lib(setopt.obj) : warning LNK4099: PDB '' was not found with 'libcurl.lib(setopt.obj)' or at ''; linking object as if no debug info
libcurl.lib(multi.obj) : warning LNK4099: PDB '' was not found with 'libcurl.lib(multi.obj)' or at ''; linking object as if no debug info
libcurl.lib(cookie.obj) : warning LNK4099: PDB '' was not found with 'libcurl.lib(cookie.obj)' or at ''; linking object as if no debug info
libcurl.lib(timeval.obj) : warning LNK4099: PDB '' was not found with 'libcurl.lib(timeval.obj)' or at ''; linking object as if no debug info
libcurl.lib(asyn-thread.obj) : warning LNK4099: PDB '' was not found with 'libcurl.lib(asyn-thread.obj)' or at ''; linking object as if no debug info
libcurl.lib(hostip.obj) : warning LNK4099: PDB '' was not found with 'libcurl.lib(hostip.obj)' or at ''; linking object as if no debug info
libcurl.lib(mime.obj) : warning LNK4099: PDB '' was not found with 'libcurl.lib(mime.obj)' or at ''; linking object as if no debug info
libcurl.lib(vtls.obj) : warning LNK4099: PDB '' was not found with 'libcurl.lib(vtls.obj)' or at ''; linking object as if no debug info
libcurl.lib(url.obj) : warning LNK4099: PDB '' was not found with 'libcurl.lib(url.obj)' or at ''; linking object as if no debug info
libcurl.lib(getinfo.obj) : warning LNK4099: PDB '' was not found with 'libcurl.lib(getinfo.obj)' or at ''; linking object as if no debug info
libcurl.lib(strdup.obj) : warning LNK4099: PDB '' was not found with 'libcurl.lib(strdup.obj)' or at ''; linking object as if no debug info
libcurl.lib(select.obj) : warning LNK4099: PDB '' was not found with 'libcurl.lib(select.obj)' or at ''; linking object as if no debug info
libcurl.lib(sendf.obj) : warning LNK4099: PDB '' was not found with 'libcurl.lib(sendf.obj)' or at ''; linking object as if no debug info
libcurl.lib(connect.obj) : warning LNK4099: PDB '' was not found with 'libcurl.lib(connect.obj)' or at ''; linking object as if no debug info
libcurl.lib(warnless.obj) : warning LNK4099: PDB '' was not found with 'libcurl.lib(warnless.obj)' or at ''; linking object as if no debug info
libcurl.lib(http_digest.obj) : warning LNK4099: PDB '' was not found with 'libcurl.lib(http_digest.obj)' or at ''; linking object as if no debug info
libcurl.lib(version.obj) : warning LNK4099: PDB '' was not found with 'libcurl.lib(version.obj)' or at ''; linking object as if no debug info
libcurl.lib(mprintf.obj) : warning LNK4099: PDB '' was not found with 'libcurl.lib(mprintf.obj)' or at ''; linking object as if no debug info
libcurl.lib(strcase.obj) : warning LNK4099: PDB '' was not found with 'libcurl.lib(strcase.obj)' or at ''; linking object as if no debug info
libcurl.lib(content_encoding.obj) : warning LNK4099: PDB '' was not found with 'libcurl.lib(content_encoding.obj)' or at ''; linking object as if no debug info
libcurl.lib(share.obj) : warning LNK4099: PDB '' was not found with 'libcurl.lib(share.obj)' or at ''; linking object as if no debug info
libcurl.lib(llist.obj) : warning LNK4099: PDB '' was not found with 'libcurl.lib(llist.obj)' or at ''; linking object as if no debug info
libcurl.lib(hash.obj) : warning LNK4099: PDB '' was not found with 'libcurl.lib(hash.obj)' or at ''; linking object as if no debug info
libcurl.lib(hostasyn.obj) : warning LNK4099: PDB '' was not found with 'libcurl.lib(hostasyn.obj)' or at ''; linking object as if no debug info
libcurl.lib(splay.obj) : warning LNK4099: PDB '' was not found with 'libcurl.lib(splay.obj)' or at ''; linking object as if no debug info
libcurl.lib(http.obj) : warning LNK4099: PDB '' was not found with 'libcurl.lib(http.obj)' or at ''; linking object as if no debug info
libcurl.lib(wildcard.obj) : warning LNK4099: PDB '' was not found with 'libcurl.lib(wildcard.obj)' or at ''; linking object as if no debug info
libcurl.lib(conncache.obj) : warning LNK4099: PDB '' was not found with 'libcurl.lib(conncache.obj)' or at ''; linking object as if no debug info
libcurl.lib(transfer.obj) : warning LNK4099: PDB '' was not found with 'libcurl.lib(transfer.obj)' or at ''; linking object as if no debug info
libcurl.lib(progress.obj) : warning LNK4099: PDB '' was not found with 'libcurl.lib(progress.obj)' or at ''; linking object as if no debug info
libcurl.lib(speedcheck.obj) : warning LNK4099: PDB '' was not found with 'libcurl.lib(speedcheck.obj)' or at ''; linking object as if no debug info
libcurl.lib(pipeline.obj) : warning LNK4099: PDB '' was not found with 'libcurl.lib(pipeline.obj)' or at ''; linking object as if no debug info
libcurl.lib(http_proxy.obj) : warning LNK4099: PDB '' was not found with 'libcurl.lib(http_proxy.obj)' or at ''; linking object as if no debug info
libcurl.lib(parsedate.obj) : warning LNK4099: PDB '' was not found with 'libcurl.lib(parsedate.obj)' or at ''; linking object as if no debug info
libcurl.lib(strtok.obj) : warning LNK4099: PDB '' was not found with 'libcurl.lib(strtok.obj)' or at ''; linking object as if no debug info
libcurl.lib(strtoofft.obj) : warning LNK4099: PDB '' was not found with 'libcurl.lib(strtoofft.obj)' or at ''; linking object as if no debug info
libcurl.lib(curl_memrchr.obj) : warning LNK4099: PDB '' was not found with 'libcurl.lib(curl_memrchr.obj)' or at ''; linking object as if no debug info
libcurl.lib(inet_pton.obj) : warning LNK4099: PDB '' was not found with 'libcurl.lib(inet_pton.obj)' or at ''; linking object as if no debug info
libcurl.lib(curl_addrinfo.obj) : warning LNK4099: PDB '' was not found with 'libcurl.lib(curl_addrinfo.obj)' or at ''; linking object as if no debug info
libcurl.lib(curl_threads.obj) : warning LNK4099: PDB '' was not found with 'libcurl.lib(curl_threads.obj)' or at ''; linking object as if no debug info
libcurl.lib(hostip4.obj) : warning LNK4099: PDB '' was not found with 'libcurl.lib(hostip4.obj)' or at ''; linking object as if no debug info
libcurl.lib(inet_ntop.obj) : warning LNK4099: PDB '' was not found with 'libcurl.lib(inet_ntop.obj)' or at ''; linking object as if no debug info
libcurl.lib(rand.obj) : warning LNK4099: PDB '' was not found with 'libcurl.lib(rand.obj)' or at ''; linking object as if no debug info
libcurl.lib(openssl.obj) : warning LNK4099: PDB '' was not found with 'libcurl.lib(openssl.obj)' or at ''; linking object as if no debug info
libcurl.lib(getenv.obj) : warning LNK4099: PDB '' was not found with 'libcurl.lib(getenv.obj)' or at ''; linking object as if no debug info
libcurl.lib(escape.obj) : warning LNK4099: PDB '' was not found with 'libcurl.lib(escape.obj)' or at ''; linking object as if no debug info
libcurl.lib(md5.obj) : warning LNK4099: PDB '' was not found with 'libcurl.lib(md5.obj)' or at ''; linking object as if no debug info
libcurl.lib(base64.obj) : warning LNK4099: PDB '' was not found with 'libcurl.lib(base64.obj)' or at ''; linking object as if no debug info
libcurl.lib(imap.obj) : warning LNK4099: PDB '' was not found with 'libcurl.lib(imap.obj)' or at ''; linking object as if no debug info
libcurl.lib(pop3.obj) : warning LNK4099: PDB '' was not found with 'libcurl.lib(pop3.obj)' or at ''; linking object as if no debug info
libcurl.lib(smtp.obj) : warning LNK4099: PDB '' was not found with 'libcurl.lib(smtp.obj)' or at ''; linking object as if no debug info
libcurl.lib(ftp.obj) : warning LNK4099: PDB '' was not found with 'libcurl.lib(ftp.obj)' or at ''; linking object as if no debug info
libcurl.lib(file.obj) : warning LNK4099: PDB '' was not found with 'libcurl.lib(file.obj)' or at ''; linking object as if no debug info
libcurl.lib(rtsp.obj) : warning LNK4099: PDB '' was not found with 'libcurl.lib(rtsp.obj)' or at ''; linking object as if no debug info
libcurl.lib(smb.obj) : warning LNK4099: PDB '' was not found with 'libcurl.lib(smb.obj)' or at ''; linking object as if no debug info
libcurl.lib(dict.obj) : warning LNK4099: PDB '' was not found with 'libcurl.lib(dict.obj)' or at ''; linking object as if no debug info
libcurl.lib(telnet.obj) : warning LNK4099: PDB '' was not found with 'libcurl.lib(telnet.obj)' or at ''; linking object as if no debug info
libcurl.lib(tftp.obj) : warning LNK4099: PDB '' was not found with 'libcurl.lib(tftp.obj)' or at ''; linking object as if no debug info
libcurl.lib(ldap.obj) : warning LNK4099: PDB '' was not found with 'libcurl.lib(ldap.obj)' or at ''; linking object as if no debug info
libcurl.lib(gopher.obj) : warning LNK4099: PDB '' was not found with 'libcurl.lib(gopher.obj)' or at ''; linking object as if no debug info
libcurl.lib(curl_ctype.obj) : warning LNK4099: PDB '' was not found with 'libcurl.lib(curl_ctype.obj)' or at ''; linking object as if no debug info
libcurl.lib(netrc.obj) : warning LNK4099: PDB '' was not found with 'libcurl.lib(netrc.obj)' or at ''; linking object as if no debug info
libcurl.lib(http_ntlm.obj) : warning LNK4099: PDB '' was not found with 'libcurl.lib(http_ntlm.obj)' or at ''; linking object as if no debug info
libcurl.lib(socks.obj) : warning LNK4099: PDB '' was not found with 'libcurl.lib(socks.obj)' or at ''; linking object as if no debug info
libcurl.lib(dotdot.obj) : warning LNK4099: PDB '' was not found with 'libcurl.lib(dotdot.obj)' or at ''; linking object as if no debug info
libcurl.lib(if2ip.obj) : warning LNK4099: PDB '' was not found with 'libcurl.lib(if2ip.obj)' or at ''; linking object as if no debug info
libcurl.lib(nonblock.obj) : warning LNK4099: PDB '' was not found with 'libcurl.lib(nonblock.obj)' or at ''; linking object as if no debug info
libcurl.lib(system_win32.obj) : warning LNK4099: PDB '' was not found with 'libcurl.lib(system_win32.obj)' or at ''; linking object as if no debug info
libcurl.lib(digest.obj) : warning LNK4099: PDB '' was not found with 'libcurl.lib(digest.obj)' or at ''; linking object as if no debug info
libcurl.lib(http_chunks.obj) : warning LNK4099: PDB '' was not found with 'libcurl.lib(http_chunks.obj)' or at ''; linking object as if no debug info
libcurl.lib(formdata.obj) : warning LNK4099: PDB '' was not found with 'libcurl.lib(formdata.obj)' or at ''; linking object as if no debug info
libcurl.lib(ntlm.obj) : warning LNK4099: PDB '' was not found with 'libcurl.lib(ntlm.obj)' or at ''; linking object as if no debug info
libcurl.lib(fileinfo.obj) : warning LNK4099: PDB '' was not found with 'libcurl.lib(fileinfo.obj)' or at ''; linking object as if no debug info
libcurl.lib(hostcheck.obj) : warning LNK4099: PDB '' was not found with 'libcurl.lib(hostcheck.obj)' or at ''; linking object as if no debug info
libcurl.lib(pingpong.obj) : warning LNK4099: PDB '' was not found with 'libcurl.lib(pingpong.obj)' or at ''; linking object as if no debug info
libcurl.lib(curl_sasl.obj) : warning LNK4099: PDB '' was not found with 'libcurl.lib(curl_sasl.obj)' or at ''; linking object as if no debug info
libcurl.lib(curl_gethostname.obj) : warning LNK4099: PDB '' was not found with 'libcurl.lib(curl_gethostname.obj)' or at ''; linking object as if no debug info
libcurl.lib(ftplistparser.obj) : warning LNK4099: PDB '' was not found with 'libcurl.lib(ftplistparser.obj)' or at ''; linking object as if no debug info
libcurl.lib(curl_range.obj) : warning LNK4099: PDB '' was not found with 'libcurl.lib(curl_range.obj)' or at ''; linking object as if no debug info
libcurl.lib(curl_ntlm_core.obj) : warning LNK4099: PDB '' was not found with 'libcurl.lib(curl_ntlm_core.obj)' or at ''; linking object as if no debug info
libcurl.lib(curl_endian.obj) : warning LNK4099: PDB '' was not found with 'libcurl.lib(curl_endian.obj)' or at ''; linking object as if no debug info
libcurl.lib(vauth.obj) : warning LNK4099: PDB '' was not found with 'libcurl.lib(vauth.obj)' or at ''; linking object as if no debug info
libcurl.lib(sha256.obj) : warning LNK4099: PDB '' was not found with 'libcurl.lib(sha256.obj)' or at ''; linking object as if no debug info
libcurl.lib(cleartext.obj) : warning LNK4099: PDB '' was not found with 'libcurl.lib(cleartext.obj)' or at ''; linking object as if no debug info
libcurl.lib(cram.obj) : warning LNK4099: PDB '' was not found with 'libcurl.lib(cram.obj)' or at ''; linking object as if no debug info
libcurl.lib(oauth2.obj) : warning LNK4099: PDB '' was not found with 'libcurl.lib(oauth2.obj)' or at ''; linking object as if no debug info
libcurl.lib(curl_fnmatch.obj) : warning LNK4099: PDB '' was not found with 'libcurl.lib(curl_fnmatch.obj)' or at ''; linking object as if no debug info
libcurl.lib(hmac.obj) : warning LNK4099: PDB '' was not found with 'libcurl.lib(hmac.obj)' or at ''; linking object as if no debug info
uriparser.lib(UriParse.obj) : warning LNK4099: PDB '' was not found with 'uriparser.lib(UriParse.obj)' or at ''; linking object as if no debug info
uriparser.lib(UriRecompose.obj) : warning LNK4099: PDB '' was not found with 'uriparser.lib(UriRecompose.obj)' or at ''; linking object as if no debug info
uriparser.lib(UriNormalize.obj) : warning LNK4099: PDB '' was not found with 'uriparser.lib(UriNormalize.obj)' or at ''; linking object as if no debug info
uriparser.lib(UriFile.obj) : warning LNK4099: PDB '' was not found with 'uriparser.lib(UriFile.obj)' or at ''; linking object as if no debug info
uriparser.lib(UriIp4.obj) : warning LNK4099: PDB '' was not found with 'uriparser.lib(UriIp4.obj)' or at ''; linking object as if no debug info
uriparser.lib(UriCommon.obj) : warning LNK4099: PDB '' was not found with 'uriparser.lib(UriCommon.obj)' or at ''; linking object as if no debug info
uriparser.lib(UriParseBase.obj) : warning LNK4099: PDB '' was not found with 'uriparser.lib(UriParseBase.obj)' or at ''; linking object as if no debug info
uriparser.lib(UriNormalizeBase.obj) : warning LNK4099: PDB '' was not found with 'uriparser.lib(UriNormalizeBase.obj)' or at ''; linking object as if no debug info
uriparser.lib(UriEscape.obj) : warning LNK4099: PDB '' was not found with 'uriparser.lib(UriEscape.obj)' or at ''; linking object as if no debug info
uriparser.lib(UriIp4Base.obj) : warning LNK4099: PDB '' was not found with 'uriparser.lib(UriIp4Base.obj)' or at ''; linking object as if no debug info
libssl.lib(ssl_lib.obj) : warning LNK4099: PDB '' was not found with 'libssl.lib(ssl_lib.obj)' or at ''; linking object as if no debug info
libssl.lib(bio_ssl.obj) : warning LNK4099: PDB '' was not found with 'libssl.lib(bio_ssl.obj)' or at ''; linking object as if no debug info
libssl.lib(ssl_ciph.obj) : warning LNK4099: PDB '' was not found with 'libssl.lib(ssl_ciph.obj)' or at ''; linking object as if no debug info
libssl.lib(ssl_rsa.obj) : warning LNK4099: PDB '' was not found with 'libssl.lib(ssl_rsa.obj)' or at ''; linking object as if no debug info
libssl.lib(ssl_sess.obj) : warning LNK4099: PDB '' was not found with 'libssl.lib(ssl_sess.obj)' or at ''; linking object as if no debug info
libssl.lib(methods.obj) : warning LNK4099: PDB '' was not found with 'libssl.lib(methods.obj)' or at ''; linking object as if no debug info
libssl.lib(ssl_cert.obj) : warning LNK4099: PDB '' was not found with 'libssl.lib(ssl_cert.obj)' or at ''; linking object as if no debug info
libssl.lib(tls_srp.obj) : warning LNK4099: PDB '' was not found with 'libssl.lib(tls_srp.obj)' or at ''; linking object as if no debug info
libssl.lib(t1_ext.obj) : warning LNK4099: PDB '' was not found with 'libssl.lib(t1_ext.obj)' or at ''; linking object as if no debug info
libssl.lib(statem.obj) : warning LNK4099: PDB '' was not found with 'libssl.lib(statem.obj)' or at ''; linking object as if no debug info
libssl.lib(rec_layer_s3.obj) : warning LNK4099: PDB '' was not found with 'libssl.lib(rec_layer_s3.obj)' or at ''; linking object as if no debug info
libssl.lib(ssl_init.obj) : warning LNK4099: PDB '' was not found with 'libssl.lib(ssl_init.obj)' or at ''; linking object as if no debug info
libssl.lib(statem_lib.obj) : warning LNK4099: PDB '' was not found with 'libssl.lib(statem_lib.obj)' or at ''; linking object as if no debug info
libssl.lib(t1_lib.obj) : warning LNK4099: PDB '' was not found with 'libssl.lib(t1_lib.obj)' or at ''; linking object as if no debug info
libssl.lib(s3_lib.obj) : warning LNK4099: PDB '' was not found with 'libssl.lib(s3_lib.obj)' or at ''; linking object as if no debug info
libssl.lib(ssl_asn1.obj) : warning LNK4099: PDB '' was not found with 'libssl.lib(ssl_asn1.obj)' or at ''; linking object as if no debug info
libssl.lib(s3_msg.obj) : warning LNK4099: PDB '' was not found with 'libssl.lib(s3_msg.obj)' or at ''; linking object as if no debug info
libssl.lib(rec_layer_d1.obj) : warning LNK4099: PDB '' was not found with 'libssl.lib(rec_layer_d1.obj)' or at ''; linking object as if no debug info
libssl.lib(d1_lib.obj) : warning LNK4099: PDB '' was not found with 'libssl.lib(d1_lib.obj)' or at ''; linking object as if no debug info
libssl.lib(d1_msg.obj) : warning LNK4099: PDB '' was not found with 'libssl.lib(d1_msg.obj)' or at ''; linking object as if no debug info
libssl.lib(ssl3_buffer.obj) : warning LNK4099: PDB '' was not found with 'libssl.lib(ssl3_buffer.obj)' or at ''; linking object as if no debug info
libssl.lib(s3_enc.obj) : warning LNK4099: PDB '' was not found with 'libssl.lib(s3_enc.obj)' or at ''; linking object as if no debug info
libssl.lib(statem_dtls.obj) : warning LNK4099: PDB '' was not found with 'libssl.lib(statem_dtls.obj)' or at ''; linking object as if no debug info
libssl.lib(statem_clnt.obj) : warning LNK4099: PDB '' was not found with 'libssl.lib(statem_clnt.obj)' or at ''; linking object as if no debug info
libssl.lib(statem_srvr.obj) : warning LNK4099: PDB '' was not found with 'libssl.lib(statem_srvr.obj)' or at ''; linking object as if no debug info
libssl.lib(ssl3_record.obj) : warning LNK4099: PDB '' was not found with 'libssl.lib(ssl3_record.obj)' or at ''; linking object as if no debug info
libssl.lib(ssl_mcnf.obj) : warning LNK4099: PDB '' was not found with 'libssl.lib(ssl_mcnf.obj)' or at ''; linking object as if no debug info
libssl.lib(ssl_err.obj) : warning LNK4099: PDB '' was not found with 'libssl.lib(ssl_err.obj)' or at ''; linking object as if no debug info
libssl.lib(t1_enc.obj) : warning LNK4099: PDB '' was not found with 'libssl.lib(t1_enc.obj)' or at ''; linking object as if no debug info
libssl.lib(d1_srtp.obj) : warning LNK4099: PDB '' was not found with 'libssl.lib(d1_srtp.obj)' or at ''; linking object as if no debug info
libssl.lib(t1_reneg.obj) : warning LNK4099: PDB '' was not found with 'libssl.lib(t1_reneg.obj)' or at ''; linking object as if no debug info
libssl.lib(pqueue.obj) : warning LNK4099: PDB '' was not found with 'libssl.lib(pqueue.obj)' or at ''; linking object as if no debug info
libssl.lib(dtls1_bitmap.obj) : warning LNK4099: PDB '' was not found with 'libssl.lib(dtls1_bitmap.obj)' or at ''; linking object as if no debug info
libssl.lib(s3_cbc.obj) : warning LNK4099: PDB '' was not found with 'libssl.lib(s3_cbc.obj)' or at ''; linking object as if no debug info
libssl.lib(ssl_conf.obj) : warning LNK4099: PDB '' was not found with 'libssl.lib(ssl_conf.obj)' or at ''; linking object as if no debug info
libcrypto.lib(stack.obj) : warning LNK4099: PDB '' was not found with 'libcrypto.lib(stack.obj)' or at ''; linking object as if no debug info
libcrypto.lib(cversion.obj) : warning LNK4099: PDB '' was not found with 'libcrypto.lib(cversion.obj)' or at ''; linking object as if no debug info
libcrypto.lib(mem.obj) : warning LNK4099: PDB '' was not found with 'libcrypto.lib(mem.obj)' or at ''; linking object as if no debug info
libcrypto.lib(bio_lib.obj) : warning LNK4099: PDB '' was not found with 'libcrypto.lib(bio_lib.obj)' or at ''; linking object as if no debug info
libcrypto.lib(bss_mem.obj) : warning LNK4099: PDB '' was not found with 'libcrypto.lib(bss_mem.obj)' or at ''; linking object as if no debug info
libcrypto.lib(b_print.obj) : warning LNK4099: PDB '' was not found with 'libcrypto.lib(b_print.obj)' or at ''; linking object as if no debug info
libcrypto.lib(bn_print.obj) : warning LNK4099: PDB '' was not found with 'libcrypto.lib(bn_print.obj)' or at ''; linking object as if no debug info
libcrypto.lib(asn1_lib.obj) : warning LNK4099: PDB '' was not found with 'libcrypto.lib(asn1_lib.obj)' or at ''; linking object as if no debug info
libcrypto.lib(a_object.obj) : warning LNK4099: PDB '' was not found with 'libcrypto.lib(a_object.obj)' or at ''; linking object as if no debug info
libcrypto.lib(a_strex.obj) : warning LNK4099: PDB '' was not found with 'libcrypto.lib(a_strex.obj)' or at ''; linking object as if no debug info
libcrypto.lib(a_time.obj) : warning LNK4099: PDB '' was not found with 'libcrypto.lib(a_time.obj)' or at ''; linking object as if no debug info
libcrypto.lib(a_print.obj) : warning LNK4099: PDB '' was not found with 'libcrypto.lib(a_print.obj)' or at ''; linking object as if no debug info
libcrypto.lib(digest.obj) : warning LNK4099: PDB '' was not found with 'libcrypto.lib(digest.obj)' or at ''; linking object as if no debug info
libcrypto.lib(m_md5.obj) : warning LNK4099: PDB '' was not found with 'libcrypto.lib(m_md5.obj)' or at ''; linking object as if no debug info
libcrypto.lib(m_sha1.obj) : warning LNK4099: PDB '' was not found with 'libcrypto.lib(m_sha1.obj)' or at ''; linking object as if no debug info
libcrypto.lib(p_lib.obj) : warning LNK4099: PDB '' was not found with 'libcrypto.lib(p_lib.obj)' or at ''; linking object as if no debug info
libcrypto.lib(rsa_lib.obj) : warning LNK4099: PDB '' was not found with 'libcrypto.lib(rsa_lib.obj)' or at ''; linking object as if no debug info
libcrypto.lib(rsa_crpt.obj) : warning LNK4099: PDB '' was not found with 'libcrypto.lib(rsa_crpt.obj)' or at ''; linking object as if no debug info
libcrypto.lib(dh_lib.obj) : warning LNK4099: PDB '' was not found with 'libcrypto.lib(dh_lib.obj)' or at ''; linking object as if no debug info
libcrypto.lib(dsa_lib.obj) : warning LNK4099: PDB '' was not found with 'libcrypto.lib(dsa_lib.obj)' or at ''; linking object as if no debug info
libcrypto.lib(x509_lu.obj) : warning LNK4099: PDB '' was not found with 'libcrypto.lib(x509_lu.obj)' or at ''; linking object as if no debug info
libcrypto.lib(by_file.obj) : warning LNK4099: PDB '' was not found with 'libcrypto.lib(by_file.obj)' or at ''; linking object as if no debug info
libcrypto.lib(x509_txt.obj) : warning LNK4099: PDB '' was not found with 'libcrypto.lib(x509_txt.obj)' or at ''; linking object as if no debug info
libcrypto.lib(t_x509.obj) : warning LNK4099: PDB '' was not found with 'libcrypto.lib(t_x509.obj)' or at ''; linking object as if no debug info
libcrypto.lib(x_pubkey.obj) : warning LNK4099: PDB '' was not found with 'libcrypto.lib(x_pubkey.obj)' or at ''; linking object as if no debug info
libcrypto.lib(x_x509.obj) : warning LNK4099: PDB '' was not found with 'libcrypto.lib(x_x509.obj)' or at ''; linking object as if no debug info
libcrypto.lib(x509_set.obj) : warning LNK4099: PDB '' was not found with 'libcrypto.lib(x509_set.obj)' or at ''; linking object as if no debug info
libcrypto.lib(x509_cmp.obj) : warning LNK4099: PDB '' was not found with 'libcrypto.lib(x509_cmp.obj)' or at ''; linking object as if no debug info
libcrypto.lib(x509name.obj) : warning LNK4099: PDB '' was not found with 'libcrypto.lib(x509name.obj)' or at ''; linking object as if no debug info
libcrypto.lib(x509_ext.obj) : warning LNK4099: PDB '' was not found with 'libcrypto.lib(x509_ext.obj)' or at ''; linking object as if no debug info
libcrypto.lib(x509_v3.obj) : warning LNK4099: PDB '' was not found with 'libcrypto.lib(x509_v3.obj)' or at ''; linking object as if no debug info
libcrypto.lib(pem_x509.obj) : warning LNK4099: PDB '' was not found with 'libcrypto.lib(pem_x509.obj)' or at ''; linking object as if no debug info
libcrypto.lib(rand_lib.obj) : warning LNK4099: PDB '' was not found with 'libcrypto.lib(rand_lib.obj)' or at ''; linking object as if no debug info
libcrypto.lib(randfile.obj) : warning LNK4099: PDB '' was not found with 'libcrypto.lib(randfile.obj)' or at ''; linking object as if no debug info
libcrypto.lib(conf_mod.obj) : warning LNK4099: PDB '' was not found with 'libcrypto.lib(conf_mod.obj)' or at ''; linking object as if no debug info
libcrypto.lib(conf_mall.obj) : warning LNK4099: PDB '' was not found with 'libcrypto.lib(conf_mall.obj)' or at ''; linking object as if no debug info
libcrypto.lib(v3_genn.obj) : warning LNK4099: PDB '' was not found with 'libcrypto.lib(v3_genn.obj)' or at ''; linking object as if no debug info
libcrypto.lib(v3_prn.obj) : warning LNK4099: PDB '' was not found with 'libcrypto.lib(v3_prn.obj)' or at ''; linking object as if no debug info
libcrypto.lib(v3_purp.obj) : warning LNK4099: PDB '' was not found with 'libcrypto.lib(v3_purp.obj)' or at ''; linking object as if no debug info
libcrypto.lib(err.obj) : warning LNK4099: PDB '' was not found with 'libcrypto.lib(err.obj)' or at ''; linking object as if no debug info
libcrypto.lib(p12_asn.obj) : warning LNK4099: PDB '' was not found with 'libcrypto.lib(p12_asn.obj)' or at ''; linking object as if no debug info
libcrypto.lib(p12_crpt.obj) : warning LNK4099: PDB '' was not found with 'libcrypto.lib(p12_crpt.obj)' or at ''; linking object as if no debug info
libcrypto.lib(p12_kiss.obj) : warning LNK4099: PDB '' was not found with 'libcrypto.lib(p12_kiss.obj)' or at ''; linking object as if no debug info
libcrypto.lib(p12_utl.obj) : warning LNK4099: PDB '' was not found with 'libcrypto.lib(p12_utl.obj)' or at ''; linking object as if no debug info
libcrypto.lib(ocsp_cl.obj) : warning LNK4099: PDB '' was not found with 'libcrypto.lib(ocsp_cl.obj)' or at ''; linking object as if no debug info
libcrypto.lib(ocsp_asn.obj) : warning LNK4099: PDB '' was not found with 'libcrypto.lib(ocsp_asn.obj)' or at ''; linking object as if no debug info
libcrypto.lib(ocsp_prn.obj) : warning LNK4099: PDB '' was not found with 'libcrypto.lib(ocsp_prn.obj)' or at ''; linking object as if no debug info
libcrypto.lib(ocsp_vfy.obj) : warning LNK4099: PDB '' was not found with 'libcrypto.lib(ocsp_vfy.obj)' or at ''; linking object as if no debug info
libcrypto.lib(md5_dgst.obj) : warning LNK4099: PDB '' was not found with 'libcrypto.lib(md5_dgst.obj)' or at ''; linking object as if no debug info
libcrypto.lib(ecb_enc.obj) : warning LNK4099: PDB '' was not found with 'libcrypto.lib(ecb_enc.obj)' or at ''; linking object as if no debug info
libcrypto.lib(set_key.obj) : warning LNK4099: PDB '' was not found with 'libcrypto.lib(set_key.obj)' or at ''; linking object as if no debug info
libcrypto.lib(md4_dgst.obj) : warning LNK4099: PDB '' was not found with 'libcrypto.lib(md4_dgst.obj)' or at ''; linking object as if no debug info
libcrypto.lib(sha256.obj) : warning LNK4099: PDB '' was not found with 'libcrypto.lib(sha256.obj)' or at ''; linking object as if no debug info
libcrypto.lib(threads_win.obj) : warning LNK4099: PDB '' was not found with 'libcrypto.lib(threads_win.obj)' or at ''; linking object as if no debug info
libcrypto.lib(ex_data.obj) : warning LNK4099: PDB '' was not found with 'libcrypto.lib(ex_data.obj)' or at ''; linking object as if no debug info
libcrypto.lib(o_str.obj) : warning LNK4099: PDB '' was not found with 'libcrypto.lib(o_str.obj)' or at ''; linking object as if no debug info
libcrypto.lib(cryptlib.obj) : warning LNK4099: PDB '' was not found with 'libcrypto.lib(cryptlib.obj)' or at ''; linking object as if no debug info
libcrypto.lib(o_fips.obj) : warning LNK4099: PDB '' was not found with 'libcrypto.lib(o_fips.obj)' or at ''; linking object as if no debug info
libcrypto.lib(buffer.obj) : warning LNK4099: PDB '' was not found with 'libcrypto.lib(buffer.obj)' or at ''; linking object as if no debug info
libcrypto.lib(comp_lib.obj) : warning LNK4099: PDB '' was not found with 'libcrypto.lib(comp_lib.obj)' or at ''; linking object as if no debug info
libcrypto.lib(bss_sock.obj) : warning LNK4099: PDB '' was not found with 'libcrypto.lib(bss_sock.obj)' or at ''; linking object as if no debug info
libcrypto.lib(bf_buff.obj) : warning LNK4099: PDB '' was not found with 'libcrypto.lib(bf_buff.obj)' or at ''; linking object as if no debug info
libcrypto.lib(lhash.obj) : warning LNK4099: PDB '' was not found with 'libcrypto.lib(lhash.obj)' or at ''; linking object as if no debug info
libcrypto.lib(obj_dat.obj) : warning LNK4099: PDB '' was not found with 'libcrypto.lib(obj_dat.obj)' or at ''; linking object as if no debug info
libcrypto.lib(evp_lib.obj) : warning LNK4099: PDB '' was not found with 'libcrypto.lib(evp_lib.obj)' or at ''; linking object as if no debug info
libcrypto.lib(evp_enc.obj) : warning LNK4099: PDB '' was not found with 'libcrypto.lib(evp_enc.obj)' or at ''; linking object as if no debug info
libcrypto.lib(names.obj) : warning LNK4099: PDB '' was not found with 'libcrypto.lib(names.obj)' or at ''; linking object as if no debug info
libcrypto.lib(by_dir.obj) : warning LNK4099: PDB '' was not found with 'libcrypto.lib(by_dir.obj)' or at ''; linking object as if no debug info
libcrypto.lib(x509_d2.obj) : warning LNK4099: PDB '' was not found with 'libcrypto.lib(x509_d2.obj)' or at ''; linking object as if no debug info
libcrypto.lib(x509_vpm.obj) : warning LNK4099: PDB '' was not found with 'libcrypto.lib(x509_vpm.obj)' or at ''; linking object as if no debug info
libcrypto.lib(x_name.obj) : warning LNK4099: PDB '' was not found with 'libcrypto.lib(x_name.obj)' or at ''; linking object as if no debug info
libcrypto.lib(x_exten.obj) : warning LNK4099: PDB '' was not found with 'libcrypto.lib(x_exten.obj)' or at ''; linking object as if no debug info
libcrypto.lib(async_wait.obj) : warning LNK4099: PDB '' was not found with 'libcrypto.lib(async_wait.obj)' or at ''; linking object as if no debug info
libcrypto.lib(async.obj) : warning LNK4099: PDB '' was not found with 'libcrypto.lib(async.obj)' or at ''; linking object as if no debug info
libcrypto.lib(ct_policy.obj) : warning LNK4099: PDB '' was not found with 'libcrypto.lib(ct_policy.obj)' or at ''; linking object as if no debug info
libcrypto.lib(ct_sct.obj) : warning LNK4099: PDB '' was not found with 'libcrypto.lib(ct_sct.obj)' or at ''; linking object as if no debug info
libcrypto.lib(ct_oct.obj) : warning LNK4099: PDB '' was not found with 'libcrypto.lib(ct_oct.obj)' or at ''; linking object as if no debug info
libcrypto.lib(ct_log.obj) : warning LNK4099: PDB '' was not found with 'libcrypto.lib(ct_log.obj)' or at ''; linking object as if no debug info
libcrypto.lib(ocsp_ext.obj) : warning LNK4099: PDB '' was not found with 'libcrypto.lib(ocsp_ext.obj)' or at ''; linking object as if no debug info
libcrypto.lib(eng_init.obj) : warning LNK4099: PDB '' was not found with 'libcrypto.lib(eng_init.obj)' or at ''; linking object as if no debug info
libcrypto.lib(bss_conn.obj) : warning LNK4099: PDB '' was not found with 'libcrypto.lib(bss_conn.obj)' or at ''; linking object as if no debug info
libcrypto.lib(mem_dbg.obj) : warning LNK4099: PDB '' was not found with 'libcrypto.lib(mem_dbg.obj)' or at ''; linking object as if no debug info
libcrypto.lib(c_zlib.obj) : warning LNK4099: PDB '' was not found with 'libcrypto.lib(c_zlib.obj)' or at ''; linking object as if no debug info
libcrypto.lib(e_null.obj) : warning LNK4099: PDB '' was not found with 'libcrypto.lib(e_null.obj)' or at ''; linking object as if no debug info
libcrypto.lib(ameth_lib.obj) : warning LNK4099: PDB '' was not found with 'libcrypto.lib(ameth_lib.obj)' or at ''; linking object as if no debug info
libcrypto.lib(bss_file.obj) : warning LNK4099: PDB '' was not found with 'libcrypto.lib(bss_file.obj)' or at ''; linking object as if no debug info
libcrypto.lib(rsa_asn1.obj) : warning LNK4099: PDB '' was not found with 'libcrypto.lib(rsa_asn1.obj)' or at ''; linking object as if no debug info
libcrypto.lib(d2i_pr.obj) : warning LNK4099: PDB '' was not found with 'libcrypto.lib(d2i_pr.obj)' or at ''; linking object as if no debug info
libcrypto.lib(ec_key.obj) : warning LNK4099: PDB '' was not found with 'libcrypto.lib(ec_key.obj)' or at ''; linking object as if no debug info
libcrypto.lib(x_all.obj) : warning LNK4099: PDB '' was not found with 'libcrypto.lib(x_all.obj)' or at ''; linking object as if no debug info
libcrypto.lib(pem_lib.obj) : warning LNK4099: PDB '' was not found with 'libcrypto.lib(pem_lib.obj)' or at ''; linking object as if no debug info
libcrypto.lib(pem_xaux.obj) : warning LNK4099: PDB '' was not found with 'libcrypto.lib(pem_xaux.obj)' or at ''; linking object as if no debug info
libcrypto.lib(pem_all.obj) : warning LNK4099: PDB '' was not found with 'libcrypto.lib(pem_all.obj)' or at ''; linking object as if no debug info
libcrypto.lib(pem_pkey.obj) : warning LNK4099: PDB '' was not found with 'libcrypto.lib(pem_pkey.obj)' or at ''; linking object as if no debug info
libcrypto.lib(mem_clr.obj) : warning LNK4099: PDB '' was not found with 'libcrypto.lib(mem_clr.obj)' or at ''; linking object as if no debug info
libcrypto.lib(eng_pkey.obj) : warning LNK4099: PDB '' was not found with 'libcrypto.lib(eng_pkey.obj)' or at ''; linking object as if no debug info
libcrypto.lib(pem_oth.obj) : warning LNK4099: PDB '' was not found with 'libcrypto.lib(pem_oth.obj)' or at ''; linking object as if no debug info
libcrypto.lib(o_dir.obj) : warning LNK4099: PDB '' was not found with 'libcrypto.lib(o_dir.obj)' or at ''; linking object as if no debug info
libcrypto.lib(x509_vfy.obj) : warning LNK4099: PDB '' was not found with 'libcrypto.lib(x509_vfy.obj)' or at ''; linking object as if no debug info
libcrypto.lib(bn_lib.obj) : warning LNK4099: PDB '' was not found with 'libcrypto.lib(bn_lib.obj)' or at ''; linking object as if no debug info
libcrypto.lib(srp_vfy.obj) : warning LNK4099: PDB '' was not found with 'libcrypto.lib(srp_vfy.obj)' or at ''; linking object as if no debug info
libcrypto.lib(srp_lib.obj) : warning LNK4099: PDB '' was not found with 'libcrypto.lib(srp_lib.obj)' or at ''; linking object as if no debug info
libcrypto.lib(init.obj) : warning LNK4099: PDB '' was not found with 'libcrypto.lib(init.obj)' or at ''; linking object as if no debug info
libcrypto.lib(o_names.obj) : warning LNK4099: PDB '' was not found with 'libcrypto.lib(o_names.obj)' or at ''; linking object as if no debug info
libcrypto.lib(m_md5_sha1.obj) : warning LNK4099: PDB '' was not found with 'libcrypto.lib(m_md5_sha1.obj)' or at ''; linking object as if no debug info
libcrypto.lib(e_des.obj) : warning LNK4099: PDB '' was not found with 'libcrypto.lib(e_des.obj)' or at ''; linking object as if no debug info
libcrypto.lib(e_des3.obj) : warning LNK4099: PDB '' was not found with 'libcrypto.lib(e_des3.obj)' or at ''; linking object as if no debug info
libcrypto.lib(e_rc4.obj) : warning LNK4099: PDB '' was not found with 'libcrypto.lib(e_rc4.obj)' or at ''; linking object as if no debug info
libcrypto.lib(e_rc4_hmac_md5.obj) : warning LNK4099: PDB '' was not found with 'libcrypto.lib(e_rc4_hmac_md5.obj)' or at ''; linking object as if no debug info
libcrypto.lib(e_idea.obj) : warning LNK4099: PDB '' was not found with 'libcrypto.lib(e_idea.obj)' or at ''; linking object as if no debug info
libcrypto.lib(e_rc2.obj) : warning LNK4099: PDB '' was not found with 'libcrypto.lib(e_rc2.obj)' or at ''; linking object as if no debug info
libcrypto.lib(e_aes.obj) : warning LNK4099: PDB '' was not found with 'libcrypto.lib(e_aes.obj)' or at ''; linking object as if no debug info
libcrypto.lib(e_aes_cbc_hmac_sha1.obj) : warning LNK4099: PDB '' was not found with 'libcrypto.lib(e_aes_cbc_hmac_sha1.obj)' or at ''; linking object as if no debug info
libcrypto.lib(e_aes_cbc_hmac_sha256.obj) : warning LNK4099: PDB '' was not found with 'libcrypto.lib(e_aes_cbc_hmac_sha256.obj)' or at ''; linking object as if no debug info
libcrypto.lib(e_camellia.obj) : warning LNK4099: PDB '' was not found with 'libcrypto.lib(e_camellia.obj)' or at ''; linking object as if no debug info
libcrypto.lib(e_chacha20_poly1305.obj) : warning LNK4099: PDB '' was not found with 'libcrypto.lib(e_chacha20_poly1305.obj)' or at ''; linking object as if no debug info
libcrypto.lib(e_seed.obj) : warning LNK4099: PDB '' was not found with 'libcrypto.lib(e_seed.obj)' or at ''; linking object as if no debug info
libcrypto.lib(bn_const.obj) : warning LNK4099: PDB '' was not found with 'libcrypto.lib(bn_const.obj)' or at ''; linking object as if no debug info
libcrypto.lib(obj_xref.obj) : warning LNK4099: PDB '' was not found with 'libcrypto.lib(obj_xref.obj)' or at ''; linking object as if no debug info
libcrypto.lib(hmac.obj) : warning LNK4099: PDB '' was not found with 'libcrypto.lib(hmac.obj)' or at ''; linking object as if no debug info
libcrypto.lib(ec_lib.obj) : warning LNK4099: PDB '' was not found with 'libcrypto.lib(ec_lib.obj)' or at ''; linking object as if no debug info
libcrypto.lib(ec_curve.obj) : warning LNK4099: PDB '' was not found with 'libcrypto.lib(ec_curve.obj)' or at ''; linking object as if no debug info
libcrypto.lib(dh_rfc5114.obj) : warning LNK4099: PDB '' was not found with 'libcrypto.lib(dh_rfc5114.obj)' or at ''; linking object as if no debug info
libcrypto.lib(pmeth_lib.obj) : warning LNK4099: PDB '' was not found with 'libcrypto.lib(pmeth_lib.obj)' or at ''; linking object as if no debug info
libcrypto.lib(pmeth_fn.obj) : warning LNK4099: PDB '' was not found with 'libcrypto.lib(pmeth_fn.obj)' or at ''; linking object as if no debug info
libcrypto.lib(pmeth_gn.obj) : warning LNK4099: PDB '' was not found with 'libcrypto.lib(pmeth_gn.obj)' or at ''; linking object as if no debug info
libcrypto.lib(x_int64.obj) : warning LNK4099: PDB '' was not found with 'libcrypto.lib(x_int64.obj)' or at ''; linking object as if no debug info
libcrypto.lib(tasn_typ.obj) : warning LNK4099: PDB '' was not found with 'libcrypto.lib(tasn_typ.obj)' or at ''; linking object as if no debug info
libcrypto.lib(tasn_fre.obj) : warning LNK4099: PDB '' was not found with 'libcrypto.lib(tasn_fre.obj)' or at ''; linking object as if no debug info
libcrypto.lib(tasn_dec.obj) : warning LNK4099: PDB '' was not found with 'libcrypto.lib(tasn_dec.obj)' or at ''; linking object as if no debug info
libcrypto.lib(tasn_enc.obj) : warning LNK4099: PDB '' was not found with 'libcrypto.lib(tasn_enc.obj)' or at ''; linking object as if no debug info
libcrypto.lib(b_addr.obj) : warning LNK4099: PDB '' was not found with 'libcrypto.lib(b_addr.obj)' or at ''; linking object as if no debug info
libcrypto.lib(dh_check.obj) : warning LNK4099: PDB '' was not found with 'libcrypto.lib(dh_check.obj)' or at ''; linking object as if no debug info
libcrypto.lib(p_sign.obj) : warning LNK4099: PDB '' was not found with 'libcrypto.lib(p_sign.obj)' or at ''; linking object as if no debug info
libcrypto.lib(p_verify.obj) : warning LNK4099: PDB '' was not found with 'libcrypto.lib(p_verify.obj)' or at ''; linking object as if no debug info
libcrypto.lib(x509type.obj) : warning LNK4099: PDB '' was not found with 'libcrypto.lib(x509type.obj)' or at ''; linking object as if no debug info
libcrypto.lib(m_sigver.obj) : warning LNK4099: PDB '' was not found with 'libcrypto.lib(m_sigver.obj)' or at ''; linking object as if no debug info
libcrypto.lib(conf_lib.obj) : warning LNK4099: PDB '' was not found with 'libcrypto.lib(conf_lib.obj)' or at ''; linking object as if no debug info
libcrypto.lib(sha1dgst.obj) : warning LNK4099: PDB '' was not found with 'libcrypto.lib(sha1dgst.obj)' or at ''; linking object as if no debug info
libcrypto.lib(sha512.obj) : warning LNK4099: PDB '' was not found with 'libcrypto.lib(sha512.obj)' or at ''; linking object as if no debug info
libcrypto.lib(b_sock.obj) : warning LNK4099: PDB '' was not found with 'libcrypto.lib(b_sock.obj)' or at ''; linking object as if no debug info
libcrypto.lib(bio_meth.obj) : warning LNK4099: PDB '' was not found with 'libcrypto.lib(bio_meth.obj)' or at ''; linking object as if no debug info
libcrypto.lib(bn_word.obj) : warning LNK4099: PDB '' was not found with 'libcrypto.lib(bn_word.obj)' or at ''; linking object as if no debug info
libcrypto.lib(b_dump.obj) : warning LNK4099: PDB '' was not found with 'libcrypto.lib(b_dump.obj)' or at ''; linking object as if no debug info
libcrypto.lib(obj_lib.obj) : warning LNK4099: PDB '' was not found with 'libcrypto.lib(obj_lib.obj)' or at ''; linking object as if no debug info
libcrypto.lib(a_utf8.obj) : warning LNK4099: PDB '' was not found with 'libcrypto.lib(a_utf8.obj)' or at ''; linking object as if no debug info
libcrypto.lib(asn1_par.obj) : warning LNK4099: PDB '' was not found with 'libcrypto.lib(asn1_par.obj)' or at ''; linking object as if no debug info
libcrypto.lib(a_mbstr.obj) : warning LNK4099: PDB '' was not found with 'libcrypto.lib(a_mbstr.obj)' or at ''; linking object as if no debug info
libcrypto.lib(o_time.obj) : warning LNK4099: PDB '' was not found with 'libcrypto.lib(o_time.obj)' or at ''; linking object as if no debug info
libcrypto.lib(a_utctm.obj) : warning LNK4099: PDB '' was not found with 'libcrypto.lib(a_utctm.obj)' or at ''; linking object as if no debug info
libcrypto.lib(a_gentm.obj) : warning LNK4099: PDB '' was not found with 'libcrypto.lib(a_gentm.obj)' or at ''; linking object as if no debug info
libcrypto.lib(tasn_new.obj) : warning LNK4099: PDB '' was not found with 'libcrypto.lib(tasn_new.obj)' or at ''; linking object as if no debug info
libcrypto.lib(tb_digest.obj) : warning LNK4099: PDB '' was not found with 'libcrypto.lib(tb_digest.obj)' or at ''; linking object as if no debug info
libcrypto.lib(x_attrib.obj) : warning LNK4099: PDB '' was not found with 'libcrypto.lib(x_attrib.obj)' or at ''; linking object as if no debug info
libcrypto.lib(tb_pkmeth.obj) : warning LNK4099: PDB '' was not found with 'libcrypto.lib(tb_pkmeth.obj)' or at ''; linking object as if no debug info
libcrypto.lib(bn_blind.obj) : warning LNK4099: PDB '' was not found with 'libcrypto.lib(bn_blind.obj)' or at ''; linking object as if no debug info
libcrypto.lib(rsa_ossl.obj) : warning LNK4099: PDB '' was not found with 'libcrypto.lib(rsa_ossl.obj)' or at ''; linking object as if no debug info
libcrypto.lib(tb_rsa.obj) : warning LNK4099: PDB '' was not found with 'libcrypto.lib(tb_rsa.obj)' or at ''; linking object as if no debug info
libcrypto.lib(bn_ctx.obj) : warning LNK4099: PDB '' was not found with 'libcrypto.lib(bn_ctx.obj)' or at ''; linking object as if no debug info
libcrypto.lib(bn_add.obj) : warning LNK4099: PDB '' was not found with 'libcrypto.lib(bn_add.obj)' or at ''; linking object as if no debug info
libcrypto.lib(bn_mul.obj) : warning LNK4099: PDB '' was not found with 'libcrypto.lib(bn_mul.obj)' or at ''; linking object as if no debug info
libcrypto.lib(bn_gcd.obj) : warning LNK4099: PDB '' was not found with 'libcrypto.lib(bn_gcd.obj)' or at ''; linking object as if no debug info
libcrypto.lib(bn_intern.obj) : warning LNK4099: PDB '' was not found with 'libcrypto.lib(bn_intern.obj)' or at ''; linking object as if no debug info
libcrypto.lib(dh_key.obj) : warning LNK4099: PDB '' was not found with 'libcrypto.lib(dh_key.obj)' or at ''; linking object as if no debug info
libcrypto.lib(tb_dh.obj) : warning LNK4099: PDB '' was not found with 'libcrypto.lib(tb_dh.obj)' or at ''; linking object as if no debug info
libcrypto.lib(dsa_ossl.obj) : warning LNK4099: PDB '' was not found with 'libcrypto.lib(dsa_ossl.obj)' or at ''; linking object as if no debug info
libcrypto.lib(tb_dsa.obj) : warning LNK4099: PDB '' was not found with 'libcrypto.lib(tb_dsa.obj)' or at ''; linking object as if no debug info
libcrypto.lib(x_crl.obj) : warning LNK4099: PDB '' was not found with 'libcrypto.lib(x_crl.obj)' or at ''; linking object as if no debug info
libcrypto.lib(x509cset.obj) : warning LNK4099: PDB '' was not found with 'libcrypto.lib(x509cset.obj)' or at ''; linking object as if no debug info
libcrypto.lib(x509_def.obj) : warning LNK4099: PDB '' was not found with 'libcrypto.lib(x509_def.obj)' or at ''; linking object as if no debug info
libcrypto.lib(x_info.obj) : warning LNK4099: PDB '' was not found with 'libcrypto.lib(x_info.obj)' or at ''; linking object as if no debug info
libcrypto.lib(pem_info.obj) : warning LNK4099: PDB '' was not found with 'libcrypto.lib(pem_info.obj)' or at ''; linking object as if no debug info
libcrypto.lib(err_prn.obj) : warning LNK4099: PDB '' was not found with 'libcrypto.lib(err_prn.obj)' or at ''; linking object as if no debug info
libcrypto.lib(a_int.obj) : warning LNK4099: PDB '' was not found with 'libcrypto.lib(a_int.obj)' or at ''; linking object as if no debug info
libcrypto.lib(x_x509a.obj) : warning LNK4099: PDB '' was not found with 'libcrypto.lib(x_x509a.obj)' or at ''; linking object as if no debug info
libcrypto.lib(x_algor.obj) : warning LNK4099: PDB '' was not found with 'libcrypto.lib(x_algor.obj)' or at ''; linking object as if no debug info
libcrypto.lib(x_val.obj) : warning LNK4099: PDB '' was not found with 'libcrypto.lib(x_val.obj)' or at ''; linking object as if no debug info
libcrypto.lib(a_dup.obj) : warning LNK4099: PDB '' was not found with 'libcrypto.lib(a_dup.obj)' or at ''; linking object as if no debug info
libcrypto.lib(v3_akeya.obj) : warning LNK4099: PDB '' was not found with 'libcrypto.lib(v3_akeya.obj)' or at ''; linking object as if no debug info
libcrypto.lib(v3_crld.obj) : warning LNK4099: PDB '' was not found with 'libcrypto.lib(v3_crld.obj)' or at ''; linking object as if no debug info
libcrypto.lib(v3_ncons.obj) : warning LNK4099: PDB '' was not found with 'libcrypto.lib(v3_ncons.obj)' or at ''; linking object as if no debug info
libcrypto.lib(v3_asid.obj) : warning LNK4099: PDB '' was not found with 'libcrypto.lib(v3_asid.obj)' or at ''; linking object as if no debug info
libcrypto.lib(v3_addr.obj) : warning LNK4099: PDB '' was not found with 'libcrypto.lib(v3_addr.obj)' or at ''; linking object as if no debug info
libcrypto.lib(pcy_cache.obj) : warning LNK4099: PDB '' was not found with 'libcrypto.lib(pcy_cache.obj)' or at ''; linking object as if no debug info
libcrypto.lib(x509_obj.obj) : warning LNK4099: PDB '' was not found with 'libcrypto.lib(x509_obj.obj)' or at ''; linking object as if no debug info
libcrypto.lib(a_strnid.obj) : warning LNK4099: PDB '' was not found with 'libcrypto.lib(a_strnid.obj)' or at ''; linking object as if no debug info
libcrypto.lib(v3_lib.obj) : warning LNK4099: PDB '' was not found with 'libcrypto.lib(v3_lib.obj)' or at ''; linking object as if no debug info
libcrypto.lib(a_octet.obj) : warning LNK4099: PDB '' was not found with 'libcrypto.lib(a_octet.obj)' or at ''; linking object as if no debug info
libcrypto.lib(md_rand.obj) : warning LNK4099: PDB '' was not found with 'libcrypto.lib(md_rand.obj)' or at ''; linking object as if no debug info
libcrypto.lib(tb_rand.obj) : warning LNK4099: PDB '' was not found with 'libcrypto.lib(tb_rand.obj)' or at ''; linking object as if no debug info
libcrypto.lib(o_fopen.obj) : warning LNK4099: PDB '' was not found with 'libcrypto.lib(o_fopen.obj)' or at ''; linking object as if no debug info
libcrypto.lib(dso_lib.obj) : warning LNK4099: PDB '' was not found with 'libcrypto.lib(dso_lib.obj)' or at ''; linking object as if no debug info
libcrypto.lib(asn_moid.obj) : warning LNK4099: PDB '' was not found with 'libcrypto.lib(asn_moid.obj)' or at ''; linking object as if no debug info
libcrypto.lib(asn_mstbl.obj) : warning LNK4099: PDB '' was not found with 'libcrypto.lib(asn_mstbl.obj)' or at ''; linking object as if no debug info
libcrypto.lib(evp_cnf.obj) : warning LNK4099: PDB '' was not found with 'libcrypto.lib(evp_cnf.obj)' or at ''; linking object as if no debug info
libcrypto.lib(eng_cnf.obj) : warning LNK4099: PDB '' was not found with 'libcrypto.lib(eng_cnf.obj)' or at ''; linking object as if no debug info
libcrypto.lib(a_type.obj) : warning LNK4099: PDB '' was not found with 'libcrypto.lib(a_type.obj)' or at ''; linking object as if no debug info
libcrypto.lib(v3_utl.obj) : warning LNK4099: PDB '' was not found with 'libcrypto.lib(v3_utl.obj)' or at ''; linking object as if no debug info
libcrypto.lib(v3_pcia.obj) : warning LNK4099: PDB '' was not found with 'libcrypto.lib(v3_pcia.obj)' or at ''; linking object as if no debug info
libcrypto.lib(v3_bcons.obj) : warning LNK4099: PDB '' was not found with 'libcrypto.lib(v3_bcons.obj)' or at ''; linking object as if no debug info
libcrypto.lib(pk7_asn1.obj) : warning LNK4099: PDB '' was not found with 'libcrypto.lib(pk7_asn1.obj)' or at ''; linking object as if no debug info
libcrypto.lib(x_sig.obj) : warning LNK4099: PDB '' was not found with 'libcrypto.lib(x_sig.obj)' or at ''; linking object as if no debug info
libcrypto.lib(p8_pkey.obj) : warning LNK4099: PDB '' was not found with 'libcrypto.lib(p8_pkey.obj)' or at ''; linking object as if no debug info
libcrypto.lib(p5_pbe.obj) : warning LNK4099: PDB '' was not found with 'libcrypto.lib(p5_pbe.obj)' or at ''; linking object as if no debug info
libcrypto.lib(p12_key.obj) : warning LNK4099: PDB '' was not found with 'libcrypto.lib(p12_key.obj)' or at ''; linking object as if no debug info
libcrypto.lib(evp_pkey.obj) : warning LNK4099: PDB '' was not found with 'libcrypto.lib(evp_pkey.obj)' or at ''; linking object as if no debug info
libcrypto.lib(p12_sbag.obj) : warning LNK4099: PDB '' was not found with 'libcrypto.lib(p12_sbag.obj)' or at ''; linking object as if no debug info
libcrypto.lib(p12_add.obj) : warning LNK4099: PDB '' was not found with 'libcrypto.lib(p12_add.obj)' or at ''; linking object as if no debug info
libcrypto.lib(p12_mutl.obj) : warning LNK4099: PDB '' was not found with 'libcrypto.lib(p12_mutl.obj)' or at ''; linking object as if no debug info
libcrypto.lib(a_d2i_fp.obj) : warning LNK4099: PDB '' was not found with 'libcrypto.lib(a_d2i_fp.obj)' or at ''; linking object as if no debug info
libcrypto.lib(a_i2d_fp.obj) : warning LNK4099: PDB '' was not found with 'libcrypto.lib(a_i2d_fp.obj)' or at ''; linking object as if no debug info
libcrypto.lib(asn_pack.obj) : warning LNK4099: PDB '' was not found with 'libcrypto.lib(asn_pack.obj)' or at ''; linking object as if no debug info
libcrypto.lib(a_sign.obj) : warning LNK4099: PDB '' was not found with 'libcrypto.lib(a_sign.obj)' or at ''; linking object as if no debug info
libcrypto.lib(ocsp_lib.obj) : warning LNK4099: PDB '' was not found with 'libcrypto.lib(ocsp_lib.obj)' or at ''; linking object as if no debug info
libcrypto.lib(v3_info.obj) : warning LNK4099: PDB '' was not found with 'libcrypto.lib(v3_info.obj)' or at ''; linking object as if no debug info
libcrypto.lib(f_int.obj) : warning LNK4099: PDB '' was not found with 'libcrypto.lib(f_int.obj)' or at ''; linking object as if no debug info
libcrypto.lib(f_string.obj) : warning LNK4099: PDB '' was not found with 'libcrypto.lib(f_string.obj)' or at ''; linking object as if no debug info
libcrypto.lib(v3_alt.obj) : warning LNK4099: PDB '' was not found with 'libcrypto.lib(v3_alt.obj)' or at ''; linking object as if no debug info
libcrypto.lib(a_verify.obj) : warning LNK4099: PDB '' was not found with 'libcrypto.lib(a_verify.obj)' or at ''; linking object as if no debug info
libcrypto.lib(x509_trs.obj) : warning LNK4099: PDB '' was not found with 'libcrypto.lib(x509_trs.obj)' or at ''; linking object as if no debug info
libcrypto.lib(des_enc.obj) : warning LNK4099: PDB '' was not found with 'libcrypto.lib(des_enc.obj)' or at ''; linking object as if no debug info
libcrypto.lib(mem_sec.obj) : warning LNK4099: PDB '' was not found with 'libcrypto.lib(mem_sec.obj)' or at ''; linking object as if no debug info
libcrypto.lib(b_sock2.obj) : warning LNK4099: PDB '' was not found with 'libcrypto.lib(b_sock2.obj)' or at ''; linking object as if no debug info
libcrypto.lib(bn_shift.obj) : warning LNK4099: PDB '' was not found with 'libcrypto.lib(bn_shift.obj)' or at ''; linking object as if no debug info
libcrypto.lib(evp_asn1.obj) : warning LNK4099: PDB '' was not found with 'libcrypto.lib(evp_asn1.obj)' or at ''; linking object as if no debug info
libcrypto.lib(tb_cipher.obj) : warning LNK4099: PDB '' was not found with 'libcrypto.lib(tb_cipher.obj)' or at ''; linking object as if no debug info
libcrypto.lib(evp_pbe.obj) : warning LNK4099: PDB '' was not found with 'libcrypto.lib(evp_pbe.obj)' or at ''; linking object as if no debug info
libcrypto.lib(async_win.obj) : warning LNK4099: PDB '' was not found with 'libcrypto.lib(async_win.obj)' or at ''; linking object as if no debug info
libcrypto.lib(ct_sct_ctx.obj) : warning LNK4099: PDB '' was not found with 'libcrypto.lib(ct_sct_ctx.obj)' or at ''; linking object as if no debug info
libcrypto.lib(ct_vfy.obj) : warning LNK4099: PDB '' was not found with 'libcrypto.lib(ct_vfy.obj)' or at ''; linking object as if no debug info
libcrypto.lib(ct_b64.obj) : warning LNK4099: PDB '' was not found with 'libcrypto.lib(ct_b64.obj)' or at ''; linking object as if no debug info
libcrypto.lib(v3_conf.obj) : warning LNK4099: PDB '' was not found with 'libcrypto.lib(v3_conf.obj)' or at ''; linking object as if no debug info
libcrypto.lib(eng_lib.obj) : warning LNK4099: PDB '' was not found with 'libcrypto.lib(eng_lib.obj)' or at ''; linking object as if no debug info
libcrypto.lib(cm_ameth.obj) : warning LNK4099: PDB '' was not found with 'libcrypto.lib(cm_ameth.obj)' or at ''; linking object as if no debug info
libcrypto.lib(dh_ameth.obj) : warning LNK4099: PDB '' was not found with 'libcrypto.lib(dh_ameth.obj)' or at ''; linking object as if no debug info
libcrypto.lib(dsa_ameth.obj) : warning LNK4099: PDB '' was not found with 'libcrypto.lib(dsa_ameth.obj)' or at ''; linking object as if no debug info
libcrypto.lib(ec_ameth.obj) : warning LNK4099: PDB '' was not found with 'libcrypto.lib(ec_ameth.obj)' or at ''; linking object as if no debug info
libcrypto.lib(ecx_meth.obj) : warning LNK4099: PDB '' was not found with 'libcrypto.lib(ecx_meth.obj)' or at ''; linking object as if no debug info
libcrypto.lib(hm_ameth.obj) : warning LNK4099: PDB '' was not found with 'libcrypto.lib(hm_ameth.obj)' or at ''; linking object as if no debug info
libcrypto.lib(rsa_ameth.obj) : warning LNK4099: PDB '' was not found with 'libcrypto.lib(rsa_ameth.obj)' or at ''; linking object as if no debug info
libcrypto.lib(tb_asnmth.obj) : warning LNK4099: PDB '' was not found with 'libcrypto.lib(tb_asnmth.obj)' or at ''; linking object as if no debug info
libcrypto.lib(x_bignum.obj) : warning LNK4099: PDB '' was not found with 'libcrypto.lib(x_bignum.obj)' or at ''; linking object as if no debug info
libcrypto.lib(x_long.obj) : warning LNK4099: PDB '' was not found with 'libcrypto.lib(x_long.obj)' or at ''; linking object as if no debug info
libcrypto.lib(bn_rand.obj) : warning LNK4099: PDB '' was not found with 'libcrypto.lib(bn_rand.obj)' or at ''; linking object as if no debug info
libcrypto.lib(ec_oct.obj) : warning LNK4099: PDB '' was not found with 'libcrypto.lib(ec_oct.obj)' or at ''; linking object as if no debug info
libcrypto.lib(ec_kmeth.obj) : warning LNK4099: PDB '' was not found with 'libcrypto.lib(ec_kmeth.obj)' or at ''; linking object as if no debug info
libcrypto.lib(i2d_pr.obj) : warning LNK4099: PDB '' was not found with 'libcrypto.lib(i2d_pr.obj)' or at ''; linking object as if no debug info
libcrypto.lib(ec_asn1.obj) : warning LNK4099: PDB '' was not found with 'libcrypto.lib(ec_asn1.obj)' or at ''; linking object as if no debug info
libcrypto.lib(dsa_asn1.obj) : warning LNK4099: PDB '' was not found with 'libcrypto.lib(dsa_asn1.obj)' or at ''; linking object as if no debug info
libcrypto.lib(x_req.obj) : warning LNK4099: PDB '' was not found with 'libcrypto.lib(x_req.obj)' or at ''; linking object as if no debug info
libcrypto.lib(x_spki.obj) : warning LNK4099: PDB '' was not found with 'libcrypto.lib(x_spki.obj)' or at ''; linking object as if no debug info
libcrypto.lib(a_digest.obj) : warning LNK4099: PDB '' was not found with 'libcrypto.lib(a_digest.obj)' or at ''; linking object as if no debug info
libcrypto.lib(ocsp_ht.obj) : warning LNK4099: PDB '' was not found with 'libcrypto.lib(ocsp_ht.obj)' or at ''; linking object as if no debug info
libcrypto.lib(evp_key.obj) : warning LNK4099: PDB '' was not found with 'libcrypto.lib(evp_key.obj)' or at ''; linking object as if no debug info
libcrypto.lib(encode.obj) : warning LNK4099: PDB '' was not found with 'libcrypto.lib(encode.obj)' or at ''; linking object as if no debug info
libcrypto.lib(dh_asn1.obj) : warning LNK4099: PDB '' was not found with 'libcrypto.lib(dh_asn1.obj)' or at ''; linking object as if no debug info
libcrypto.lib(nsseq.obj) : warning LNK4099: PDB '' was not found with 'libcrypto.lib(nsseq.obj)' or at ''; linking object as if no debug info
libcrypto.lib(p12_p8d.obj) : warning LNK4099: PDB '' was not found with 'libcrypto.lib(p12_p8d.obj)' or at ''; linking object as if no debug info
libcrypto.lib(pem_pk8.obj) : warning LNK4099: PDB '' was not found with 'libcrypto.lib(pem_pk8.obj)' or at ''; linking object as if no debug info
libcrypto.lib(pcy_tree.obj) : warning LNK4099: PDB '' was not found with 'libcrypto.lib(pcy_tree.obj)' or at ''; linking object as if no debug info
libcrypto.lib(bn_mont.obj) : warning LNK4099: PDB '' was not found with 'libcrypto.lib(bn_mont.obj)' or at ''; linking object as if no debug info
libcrypto.lib(bn_exp.obj) : warning LNK4099: PDB '' was not found with 'libcrypto.lib(bn_exp.obj)' or at ''; linking object as if no debug info
libcrypto.lib(txt_db.obj) : warning LNK4099: PDB '' was not found with 'libcrypto.lib(txt_db.obj)' or at ''; linking object as if no debug info
libcrypto.lib(bn_srp.obj) : warning LNK4099: PDB '' was not found with 'libcrypto.lib(bn_srp.obj)' or at ''; linking object as if no debug info
libcrypto.lib(bn_mod.obj) : warning LNK4099: PDB '' was not found with 'libcrypto.lib(bn_mod.obj)' or at ''; linking object as if no debug info
libcrypto.lib(c_allc.obj) : warning LNK4099: PDB '' was not found with 'libcrypto.lib(c_allc.obj)' or at ''; linking object as if no debug info
libcrypto.lib(c_alld.obj) : warning LNK4099: PDB '' was not found with 'libcrypto.lib(c_alld.obj)' or at ''; linking object as if no debug info
libcrypto.lib(conf_sap.obj) : warning LNK4099: PDB '' was not found with 'libcrypto.lib(conf_sap.obj)' or at ''; linking object as if no debug info
libcrypto.lib(eng_fat.obj) : warning LNK4099: PDB '' was not found with 'libcrypto.lib(eng_fat.obj)' or at ''; linking object as if no debug info
libcrypto.lib(eng_openssl.obj) : warning LNK4099: PDB '' was not found with 'libcrypto.lib(eng_openssl.obj)' or at ''; linking object as if no debug info
libcrypto.lib(eng_rdrand.obj) : warning LNK4099: PDB '' was not found with 'libcrypto.lib(eng_rdrand.obj)' or at ''; linking object as if no debug info
libcrypto.lib(eng_dyn.obj) : warning LNK4099: PDB '' was not found with 'libcrypto.lib(eng_dyn.obj)' or at ''; linking object as if no debug info
libcrypto.lib(e_padlock.obj) : warning LNK4099: PDB '' was not found with 'libcrypto.lib(e_padlock.obj)' or at ''; linking object as if no debug info
libcrypto.lib(e_capi.obj) : warning LNK4099: PDB '' was not found with 'libcrypto.lib(e_capi.obj)' or at ''; linking object as if no debug info
libcrypto.lib(err_all.obj) : warning LNK4099: PDB '' was not found with 'libcrypto.lib(err_all.obj)' or at ''; linking object as if no debug info
libcrypto.lib(cfb_enc.obj) : warning LNK4099: PDB '' was not found with 'libcrypto.lib(cfb_enc.obj)' or at ''; linking object as if no debug info
libcrypto.lib(cfb64enc.obj) : warning LNK4099: PDB '' was not found with 'libcrypto.lib(cfb64enc.obj)' or at ''; linking object as if no debug info
libcrypto.lib(ofb64enc.obj) : warning LNK4099: PDB '' was not found with 'libcrypto.lib(ofb64enc.obj)' or at ''; linking object as if no debug info
libcrypto.lib(ecb3_enc.obj) : warning LNK4099: PDB '' was not found with 'libcrypto.lib(ecb3_enc.obj)' or at ''; linking object as if no debug info
libcrypto.lib(cfb64ede.obj) : warning LNK4099: PDB '' was not found with 'libcrypto.lib(cfb64ede.obj)' or at ''; linking object as if no debug info
libcrypto.lib(ofb64ede.obj) : warning LNK4099: PDB '' was not found with 'libcrypto.lib(ofb64ede.obj)' or at ''; linking object as if no debug info
libcrypto.lib(sha1_one.obj) : warning LNK4099: PDB '' was not found with 'libcrypto.lib(sha1_one.obj)' or at ''; linking object as if no debug info
libcrypto.lib(rc4_skey.obj) : warning LNK4099: PDB '' was not found with 'libcrypto.lib(rc4_skey.obj)' or at ''; linking object as if no debug info
libcrypto.lib(rc4_enc.obj) : warning LNK4099: PDB '' was not found with 'libcrypto.lib(rc4_enc.obj)' or at ''; linking object as if no debug info
libcrypto.lib(i_ecb.obj) : warning LNK4099: PDB '' was not found with 'libcrypto.lib(i_ecb.obj)' or at ''; linking object as if no debug info
libcrypto.lib(i_skey.obj) : warning LNK4099: PDB '' was not found with 'libcrypto.lib(i_skey.obj)' or at ''; linking object as if no debug info
libcrypto.lib(i_cbc.obj) : warning LNK4099: PDB '' was not found with 'libcrypto.lib(i_cbc.obj)' or at ''; linking object as if no debug info
libcrypto.lib(i_cfb64.obj) : warning LNK4099: PDB '' was not found with 'libcrypto.lib(i_cfb64.obj)' or at ''; linking object as if no debug info
libcrypto.lib(i_ofb64.obj) : warning LNK4099: PDB '' was not found with 'libcrypto.lib(i_ofb64.obj)' or at ''; linking object as if no debug info
libcrypto.lib(rc2_skey.obj) : warning LNK4099: PDB '' was not found with 'libcrypto.lib(rc2_skey.obj)' or at ''; linking object as if no debug info
libcrypto.lib(rc2_ecb.obj) : warning LNK4099: PDB '' was not found with 'libcrypto.lib(rc2_ecb.obj)' or at ''; linking object as if no debug info
libcrypto.lib(rc2_cbc.obj) : warning LNK4099: PDB '' was not found with 'libcrypto.lib(rc2_cbc.obj)' or at ''; linking object as if no debug info
libcrypto.lib(rc2cfb64.obj) : warning LNK4099: PDB '' was not found with 'libcrypto.lib(rc2cfb64.obj)' or at ''; linking object as if no debug info
libcrypto.lib(rc2ofb64.obj) : warning LNK4099: PDB '' was not found with 'libcrypto.lib(rc2ofb64.obj)' or at ''; linking object as if no debug info
libcrypto.lib(aes_core.obj) : warning LNK4099: PDB '' was not found with 'libcrypto.lib(aes_core.obj)' or at ''; linking object as if no debug info
libcrypto.lib(aes_cbc.obj) : warning LNK4099: PDB '' was not found with 'libcrypto.lib(aes_cbc.obj)' or at ''; linking object as if no debug info
libcrypto.lib(cbc128.obj) : warning LNK4099: PDB '' was not found with 'libcrypto.lib(cbc128.obj)' or at ''; linking object as if no debug info
libcrypto.lib(ctr128.obj) : warning LNK4099: PDB '' was not found with 'libcrypto.lib(ctr128.obj)' or at ''; linking object as if no debug info
libcrypto.lib(ofb128.obj) : warning LNK4099: PDB '' was not found with 'libcrypto.lib(ofb128.obj)' or at ''; linking object as if no debug info
libcrypto.lib(cfb128.obj) : warning LNK4099: PDB '' was not found with 'libcrypto.lib(cfb128.obj)' or at ''; linking object as if no debug info
libcrypto.lib(gcm128.obj) : warning LNK4099: PDB '' was not found with 'libcrypto.lib(gcm128.obj)' or at ''; linking object as if no debug info
libcrypto.lib(ccm128.obj) : warning LNK4099: PDB '' was not found with 'libcrypto.lib(ccm128.obj)' or at ''; linking object as if no debug info
libcrypto.lib(xts128.obj) : warning LNK4099: PDB '' was not found with 'libcrypto.lib(xts128.obj)' or at ''; linking object as if no debug info
libcrypto.lib(wrap128.obj) : warning LNK4099: PDB '' was not found with 'libcrypto.lib(wrap128.obj)' or at ''; linking object as if no debug info
libcrypto.lib(ocb128.obj) : warning LNK4099: PDB '' was not found with 'libcrypto.lib(ocb128.obj)' or at ''; linking object as if no debug info
libcrypto.lib(cmll_misc.obj) : warning LNK4099: PDB '' was not found with 'libcrypto.lib(cmll_misc.obj)' or at ''; linking object as if no debug info
libcrypto.lib(cmll_cbc.obj) : warning LNK4099: PDB '' was not found with 'libcrypto.lib(cmll_cbc.obj)' or at ''; linking object as if no debug info
libcrypto.lib(chacha_enc.obj) : warning LNK4099: PDB '' was not found with 'libcrypto.lib(chacha_enc.obj)' or at ''; linking object as if no debug info
libcrypto.lib(poly1305.obj) : warning LNK4099: PDB '' was not found with 'libcrypto.lib(poly1305.obj)' or at ''; linking object as if no debug info
libcrypto.lib(seed.obj) : warning LNK4099: PDB '' was not found with 'libcrypto.lib(seed.obj)' or at ''; linking object as if no debug info
libcrypto.lib(seed_ecb.obj) : warning LNK4099: PDB '' was not found with 'libcrypto.lib(seed_ecb.obj)' or at ''; linking object as if no debug info
libcrypto.lib(seed_cbc.obj) : warning LNK4099: PDB '' was not found with 'libcrypto.lib(seed_cbc.obj)' or at ''; linking object as if no debug info
libcrypto.lib(seed_cfb.obj) : warning LNK4099: PDB '' was not found with 'libcrypto.lib(seed_cfb.obj)' or at ''; linking object as if no debug info
libcrypto.lib(seed_ofb.obj) : warning LNK4099: PDB '' was not found with 'libcrypto.lib(seed_ofb.obj)' or at ''; linking object as if no debug info
libcrypto.lib(ec_mult.obj) : warning LNK4099: PDB '' was not found with 'libcrypto.lib(ec_mult.obj)' or at ''; linking object as if no debug info
libcrypto.lib(ec_cvt.obj) : warning LNK4099: PDB '' was not found with 'libcrypto.lib(ec_cvt.obj)' or at ''; linking object as if no debug info
libcrypto.lib(bn_dh.obj) : warning LNK4099: PDB '' was not found with 'libcrypto.lib(bn_dh.obj)' or at ''; linking object as if no debug info
libcrypto.lib(cm_pmeth.obj) : warning LNK4099: PDB '' was not found with 'libcrypto.lib(cm_pmeth.obj)' or at ''; linking object as if no debug info
libcrypto.lib(dh_pmeth.obj) : warning LNK4099: PDB '' was not found with 'libcrypto.lib(dh_pmeth.obj)' or at ''; linking object as if no debug info
libcrypto.lib(dsa_pmeth.obj) : warning LNK4099: PDB '' was not found with 'libcrypto.lib(dsa_pmeth.obj)' or at ''; linking object as if no debug info
libcrypto.lib(ec_pmeth.obj) : warning LNK4099: PDB '' was not found with 'libcrypto.lib(ec_pmeth.obj)' or at ''; linking object as if no debug info
libcrypto.lib(hm_pmeth.obj) : warning LNK4099: PDB '' was not found with 'libcrypto.lib(hm_pmeth.obj)' or at ''; linking object as if no debug info
libcrypto.lib(rsa_pmeth.obj) : warning LNK4099: PDB '' was not found with 'libcrypto.lib(rsa_pmeth.obj)' or at ''; linking object as if no debug info
libcrypto.lib(tls1_prf.obj) : warning LNK4099: PDB '' was not found with 'libcrypto.lib(tls1_prf.obj)' or at ''; linking object as if no debug info
libcrypto.lib(hkdf.obj) : warning LNK4099: PDB '' was not found with 'libcrypto.lib(hkdf.obj)' or at ''; linking object as if no debug info
libcrypto.lib(tasn_utl.obj) : warning LNK4099: PDB '' was not found with 'libcrypto.lib(tasn_utl.obj)' or at ''; linking object as if no debug info
libcrypto.lib(a_bitstr.obj) : warning LNK4099: PDB '' was not found with 'libcrypto.lib(a_bitstr.obj)' or at ''; linking object as if no debug info
libcrypto.lib(bn_div.obj) : warning LNK4099: PDB '' was not found with 'libcrypto.lib(bn_div.obj)' or at ''; linking object as if no debug info
libcrypto.lib(bn_prime.obj) : warning LNK4099: PDB '' was not found with 'libcrypto.lib(bn_prime.obj)' or at ''; linking object as if no debug info
libcrypto.lib(conf_def.obj) : warning LNK4099: PDB '' was not found with 'libcrypto.lib(conf_def.obj)' or at ''; linking object as if no debug info
libcrypto.lib(conf_api.obj) : warning LNK4099: PDB '' was not found with 'libcrypto.lib(conf_api.obj)' or at ''; linking object as if no debug info
libcrypto.lib(bn_asm.obj) : warning LNK4099: PDB '' was not found with 'libcrypto.lib(bn_asm.obj)' or at ''; linking object as if no debug info
libcrypto.lib(eng_list.obj) : warning LNK4099: PDB '' was not found with 'libcrypto.lib(eng_list.obj)' or at ''; linking object as if no debug info
libcrypto.lib(eng_table.obj) : warning LNK4099: PDB '' was not found with 'libcrypto.lib(eng_table.obj)' or at ''; linking object as if no debug info
libcrypto.lib(rsa_pk1.obj) : warning LNK4099: PDB '' was not found with 'libcrypto.lib(rsa_pk1.obj)' or at ''; linking object as if no debug info
libcrypto.lib(rsa_oaep.obj) : warning LNK4099: PDB '' was not found with 'libcrypto.lib(rsa_oaep.obj)' or at ''; linking object as if no debug info
libcrypto.lib(rsa_ssl.obj) : warning LNK4099: PDB '' was not found with 'libcrypto.lib(rsa_ssl.obj)' or at ''; linking object as if no debug info
libcrypto.lib(rsa_none.obj) : warning LNK4099: PDB '' was not found with 'libcrypto.lib(rsa_none.obj)' or at ''; linking object as if no debug info
libcrypto.lib(rsa_x931.obj) : warning LNK4099: PDB '' was not found with 'libcrypto.lib(rsa_x931.obj)' or at ''; linking object as if no debug info
libcrypto.lib(bn_exp2.obj) : warning LNK4099: PDB '' was not found with 'libcrypto.lib(bn_exp2.obj)' or at ''; linking object as if no debug info
libcrypto.lib(x_pkey.obj) : warning LNK4099: PDB '' was not found with 'libcrypto.lib(x_pkey.obj)' or at ''; linking object as if no debug info
libcrypto.lib(v3_cpols.obj) : warning LNK4099: PDB '' was not found with 'libcrypto.lib(v3_cpols.obj)' or at ''; linking object as if no debug info
libcrypto.lib(v3_pcons.obj) : warning LNK4099: PDB '' was not found with 'libcrypto.lib(v3_pcons.obj)' or at ''; linking object as if no debug info
libcrypto.lib(pcy_data.obj) : warning LNK4099: PDB '' was not found with 'libcrypto.lib(pcy_data.obj)' or at ''; linking object as if no debug info
libcrypto.lib(pcy_map.obj) : warning LNK4099: PDB '' was not found with 'libcrypto.lib(pcy_map.obj)' or at ''; linking object as if no debug info
libcrypto.lib(v3_bitst.obj) : warning LNK4099: PDB '' was not found with 'libcrypto.lib(v3_bitst.obj)' or at ''; linking object as if no debug info
libcrypto.lib(v3_extku.obj) : warning LNK4099: PDB '' was not found with 'libcrypto.lib(v3_extku.obj)' or at ''; linking object as if no debug info
libcrypto.lib(v3_pku.obj) : warning LNK4099: PDB '' was not found with 'libcrypto.lib(v3_pku.obj)' or at ''; linking object as if no debug info
libcrypto.lib(v3_sxnet.obj) : warning LNK4099: PDB '' was not found with 'libcrypto.lib(v3_sxnet.obj)' or at ''; linking object as if no debug info
libcrypto.lib(v3_ia5.obj) : warning LNK4099: PDB '' was not found with 'libcrypto.lib(v3_ia5.obj)' or at ''; linking object as if no debug info
libcrypto.lib(v3_skey.obj) : warning LNK4099: PDB '' was not found with 'libcrypto.lib(v3_skey.obj)' or at ''; linking object as if no debug info
libcrypto.lib(v3_akey.obj) : warning LNK4099: PDB '' was not found with 'libcrypto.lib(v3_akey.obj)' or at ''; linking object as if no debug info
libcrypto.lib(v3_int.obj) : warning LNK4099: PDB '' was not found with 'libcrypto.lib(v3_int.obj)' or at ''; linking object as if no debug info
libcrypto.lib(v3_enum.obj) : warning LNK4099: PDB '' was not found with 'libcrypto.lib(v3_enum.obj)' or at ''; linking object as if no debug info
libcrypto.lib(v3_ocsp.obj) : warning LNK4099: PDB '' was not found with 'libcrypto.lib(v3_ocsp.obj)' or at ''; linking object as if no debug info
libcrypto.lib(v3_pci.obj) : warning LNK4099: PDB '' was not found with 'libcrypto.lib(v3_pci.obj)' or at ''; linking object as if no debug info
libcrypto.lib(v3_pmaps.obj) : warning LNK4099: PDB '' was not found with 'libcrypto.lib(v3_pmaps.obj)' or at ''; linking object as if no debug info
libcrypto.lib(ct_x509v3.obj) : warning LNK4099: PDB '' was not found with 'libcrypto.lib(ct_x509v3.obj)' or at ''; linking object as if no debug info
libcrypto.lib(v3_tlsf.obj) : warning LNK4099: PDB '' was not found with 'libcrypto.lib(v3_tlsf.obj)' or at ''; linking object as if no debug info
libcrypto.lib(rand_win.obj) : warning LNK4099: PDB '' was not found with 'libcrypto.lib(rand_win.obj)' or at ''; linking object as if no debug info
libcrypto.lib(dso_win32.obj) : warning LNK4099: PDB '' was not found with 'libcrypto.lib(dso_win32.obj)' or at ''; linking object as if no debug info
libcrypto.lib(asn1_gen.obj) : warning LNK4099: PDB '' was not found with 'libcrypto.lib(asn1_gen.obj)' or at ''; linking object as if no debug info
libcrypto.lib(eng_ctrl.obj) : warning LNK4099: PDB '' was not found with 'libcrypto.lib(eng_ctrl.obj)' or at ''; linking object as if no debug info
libcrypto.lib(x509_req.obj) : warning LNK4099: PDB '' was not found with 'libcrypto.lib(x509_req.obj)' or at ''; linking object as if no debug info
libcrypto.lib(tasn_prn.obj) : warning LNK4099: PDB '' was not found with 'libcrypto.lib(tasn_prn.obj)' or at ''; linking object as if no debug info
libcrypto.lib(pk7_doit.obj) : warning LNK4099: PDB '' was not found with 'libcrypto.lib(pk7_doit.obj)' or at ''; linking object as if no debug info
libcrypto.lib(pk7_lib.obj) : warning LNK4099: PDB '' was not found with 'libcrypto.lib(pk7_lib.obj)' or at ''; linking object as if no debug info
libcrypto.lib(x509_att.obj) : warning LNK4099: PDB '' was not found with 'libcrypto.lib(x509_att.obj)' or at ''; linking object as if no debug info
libcrypto.lib(p12_p8e.obj) : warning LNK4099: PDB '' was not found with 'libcrypto.lib(p12_p8e.obj)' or at ''; linking object as if no debug info
libcrypto.lib(p12_attr.obj) : warning LNK4099: PDB '' was not found with 'libcrypto.lib(p12_attr.obj)' or at ''; linking object as if no debug info
libcrypto.lib(p5_pbev2.obj) : warning LNK4099: PDB '' was not found with 'libcrypto.lib(p5_pbev2.obj)' or at ''; linking object as if no debug info
libcrypto.lib(p12_decr.obj) : warning LNK4099: PDB '' was not found with 'libcrypto.lib(p12_decr.obj)' or at ''; linking object as if no debug info
libcrypto.lib(p5_crpt2.obj) : warning LNK4099: PDB '' was not found with 'libcrypto.lib(p5_crpt2.obj)' or at ''; linking object as if no debug info
libcrypto.lib(p5_crpt.obj) : warning LNK4099: PDB '' was not found with 'libcrypto.lib(p5_crpt.obj)' or at ''; linking object as if no debug info
libcrypto.lib(p5_scrypt.obj) : warning LNK4099: PDB '' was not found with 'libcrypto.lib(p5_scrypt.obj)' or at ''; linking object as if no debug info
libcrypto.lib(cmac.obj) : warning LNK4099: PDB '' was not found with 'libcrypto.lib(cmac.obj)' or at ''; linking object as if no debug info
libcrypto.lib(t_pkey.obj) : warning LNK4099: PDB '' was not found with 'libcrypto.lib(t_pkey.obj)' or at ''; linking object as if no debug info
libcrypto.lib(cms_env.obj) : warning LNK4099: PDB '' was not found with 'libcrypto.lib(cms_env.obj)' or at ''; linking object as if no debug info
libcrypto.lib(cms_kari.obj) : warning LNK4099: PDB '' was not found with 'libcrypto.lib(cms_kari.obj)' or at ''; linking object as if no debug info
libcrypto.lib(cms_sd.obj) : warning LNK4099: PDB '' was not found with 'libcrypto.lib(cms_sd.obj)' or at ''; linking object as if no debug info
libcrypto.lib(eck_prn.obj) : warning LNK4099: PDB '' was not found with 'libcrypto.lib(eck_prn.obj)' or at ''; linking object as if no debug info
libcrypto.lib(cms_asn1.obj) : warning LNK4099: PDB '' was not found with 'libcrypto.lib(cms_asn1.obj)' or at ''; linking object as if no debug info
libcrypto.lib(curve25519.obj) : warning LNK4099: PDB '' was not found with 'libcrypto.lib(curve25519.obj)' or at ''; linking object as if no debug info
libcrypto.lib(ecp_oct.obj) : warning LNK4099: PDB '' was not found with 'libcrypto.lib(ecp_oct.obj)' or at ''; linking object as if no debug info
libcrypto.lib(ec2_oct.obj) : warning LNK4099: PDB '' was not found with 'libcrypto.lib(ec2_oct.obj)' or at ''; linking object as if no debug info
libcrypto.lib(ecdh_ossl.obj) : warning LNK4099: PDB '' was not found with 'libcrypto.lib(ecdh_ossl.obj)' or at ''; linking object as if no debug info
libcrypto.lib(ecdsa_ossl.obj) : warning LNK4099: PDB '' was not found with 'libcrypto.lib(ecdsa_ossl.obj)' or at ''; linking object as if no debug info
libcrypto.lib(tb_eckey.obj) : warning LNK4099: PDB '' was not found with 'libcrypto.lib(tb_eckey.obj)' or at ''; linking object as if no debug info
libcrypto.lib(dsa_sign.obj) : warning LNK4099: PDB '' was not found with 'libcrypto.lib(dsa_sign.obj)' or at ''; linking object as if no debug info
libcrypto.lib(dsa_vrf.obj) : warning LNK4099: PDB '' was not found with 'libcrypto.lib(dsa_vrf.obj)' or at ''; linking object as if no debug info
libcrypto.lib(ui_lib.obj) : warning LNK4099: PDB '' was not found with 'libcrypto.lib(ui_lib.obj)' or at ''; linking object as if no debug info
libcrypto.lib(pcy_lib.obj) : warning LNK4099: PDB '' was not found with 'libcrypto.lib(pcy_lib.obj)' or at ''; linking object as if no debug info
libcrypto.lib(pcy_node.obj) : warning LNK4099: PDB '' was not found with 'libcrypto.lib(pcy_node.obj)' or at ''; linking object as if no debug info
libcrypto.lib(bn_sqr.obj) : warning LNK4099: PDB '' was not found with 'libcrypto.lib(bn_sqr.obj)' or at ''; linking object as if no debug info
libcrypto.lib(bn_recp.obj) : warning LNK4099: PDB '' was not found with 'libcrypto.lib(bn_recp.obj)' or at ''; linking object as if no debug info
libcrypto.lib(e_xcbc_d.obj) : warning LNK4099: PDB '' was not found with 'libcrypto.lib(e_xcbc_d.obj)' or at ''; linking object as if no debug info
libcrypto.lib(e_bf.obj) : warning LNK4099: PDB '' was not found with 'libcrypto.lib(e_bf.obj)' or at ''; linking object as if no debug info
libcrypto.lib(e_cast.obj) : warning LNK4099: PDB '' was not found with 'libcrypto.lib(e_cast.obj)' or at ''; linking object as if no debug info
libcrypto.lib(m_md4.obj) : warning LNK4099: PDB '' was not found with 'libcrypto.lib(m_md4.obj)' or at ''; linking object as if no debug info
libcrypto.lib(m_blake2b.obj) : warning LNK4099: PDB '' was not found with 'libcrypto.lib(m_blake2b.obj)' or at ''; linking object as if no debug info
libcrypto.lib(m_blake2s.obj) : warning LNK4099: PDB '' was not found with 'libcrypto.lib(m_blake2s.obj)' or at ''; linking object as if no debug info
libcrypto.lib(m_mdc2.obj) : warning LNK4099: PDB '' was not found with 'libcrypto.lib(m_mdc2.obj)' or at ''; linking object as if no debug info
libcrypto.lib(m_ripemd.obj) : warning LNK4099: PDB '' was not found with 'libcrypto.lib(m_ripemd.obj)' or at ''; linking object as if no debug info
libcrypto.lib(m_wp.obj) : warning LNK4099: PDB '' was not found with 'libcrypto.lib(m_wp.obj)' or at ''; linking object as if no debug info
libcrypto.lib(eng_all.obj) : warning LNK4099: PDB '' was not found with 'libcrypto.lib(eng_all.obj)' or at ''; linking object as if no debug info
libcrypto.lib(cmeth_lib.obj) : warning LNK4099: PDB '' was not found with 'libcrypto.lib(cmeth_lib.obj)' or at ''; linking object as if no debug info
libcrypto.lib(rsa_meth.obj) : warning LNK4099: PDB '' was not found with 'libcrypto.lib(rsa_meth.obj)' or at ''; linking object as if no debug info
libcrypto.lib(dsa_meth.obj) : warning LNK4099: PDB '' was not found with 'libcrypto.lib(dsa_meth.obj)' or at ''; linking object as if no debug info
libcrypto.lib(cpt_err.obj) : warning LNK4099: PDB '' was not found with 'libcrypto.lib(cpt_err.obj)' or at ''; linking object as if no debug info
libcrypto.lib(bio_err.obj) : warning LNK4099: PDB '' was not found with 'libcrypto.lib(bio_err.obj)' or at ''; linking object as if no debug info
libcrypto.lib(bn_err.obj) : warning LNK4099: PDB '' was not found with 'libcrypto.lib(bn_err.obj)' or at ''; linking object as if no debug info
libcrypto.lib(asn1_err.obj) : warning LNK4099: PDB '' was not found with 'libcrypto.lib(asn1_err.obj)' or at ''; linking object as if no debug info
libcrypto.lib(ec_err.obj) : warning LNK4099: PDB '' was not found with 'libcrypto.lib(ec_err.obj)' or at ''; linking object as if no debug info
libcrypto.lib(buf_err.obj) : warning LNK4099: PDB '' was not found with 'libcrypto.lib(buf_err.obj)' or at ''; linking object as if no debug info
libcrypto.lib(comp_err.obj) : warning LNK4099: PDB '' was not found with 'libcrypto.lib(comp_err.obj)' or at ''; linking object as if no debug info
libcrypto.lib(rsa_err.obj) : warning LNK4099: PDB '' was not found with 'libcrypto.lib(rsa_err.obj)' or at ''; linking object as if no debug info
libcrypto.lib(dh_err.obj) : warning LNK4099: PDB '' was not found with 'libcrypto.lib(dh_err.obj)' or at ''; linking object as if no debug info
libcrypto.lib(dsa_err.obj) : warning LNK4099: PDB '' was not found with 'libcrypto.lib(dsa_err.obj)' or at ''; linking object as if no debug info
libcrypto.lib(obj_err.obj) : warning LNK4099: PDB '' was not found with 'libcrypto.lib(obj_err.obj)' or at ''; linking object as if no debug info
libcrypto.lib(evp_err.obj) : warning LNK4099: PDB '' was not found with 'libcrypto.lib(evp_err.obj)' or at ''; linking object as if no debug info
libcrypto.lib(pem_err.obj) : warning LNK4099: PDB '' was not found with 'libcrypto.lib(pem_err.obj)' or at ''; linking object as if no debug info
libcrypto.lib(pkcs7err.obj) : warning LNK4099: PDB '' was not found with 'libcrypto.lib(pkcs7err.obj)' or at ''; linking object as if no debug info
libcrypto.lib(x509_err.obj) : warning LNK4099: PDB '' was not found with 'libcrypto.lib(x509_err.obj)' or at ''; linking object as if no debug info
libcrypto.lib(conf_err.obj) : warning LNK4099: PDB '' was not found with 'libcrypto.lib(conf_err.obj)' or at ''; linking object as if no debug info
libcrypto.lib(v3err.obj) : warning LNK4099: PDB '' was not found with 'libcrypto.lib(v3err.obj)' or at ''; linking object as if no debug info
libcrypto.lib(pk12err.obj) : warning LNK4099: PDB '' was not found with 'libcrypto.lib(pk12err.obj)' or at ''; linking object as if no debug info
libcrypto.lib(rand_err.obj) : warning LNK4099: PDB '' was not found with 'libcrypto.lib(rand_err.obj)' or at ''; linking object as if no debug info
libcrypto.lib(dso_err.obj) : warning LNK4099: PDB '' was not found with 'libcrypto.lib(dso_err.obj)' or at ''; linking object as if no debug info
libcrypto.lib(ui_err.obj) : warning LNK4099: PDB '' was not found with 'libcrypto.lib(ui_err.obj)' or at ''; linking object as if no debug info
libcrypto.lib(eng_err.obj) : warning LNK4099: PDB '' was not found with 'libcrypto.lib(eng_err.obj)' or at ''; linking object as if no debug info
libcrypto.lib(ocsp_err.obj) : warning LNK4099: PDB '' was not found with 'libcrypto.lib(ocsp_err.obj)' or at ''; linking object as if no debug info
libcrypto.lib(ts_err.obj) : warning LNK4099: PDB '' was not found with 'libcrypto.lib(ts_err.obj)' or at ''; linking object as if no debug info
libcrypto.lib(cms_err.obj) : warning LNK4099: PDB '' was not found with 'libcrypto.lib(cms_err.obj)' or at ''; linking object as if no debug info
libcrypto.lib(ct_err.obj) : warning LNK4099: PDB '' was not found with 'libcrypto.lib(ct_err.obj)' or at ''; linking object as if no debug info
libcrypto.lib(async_err.obj) : warning LNK4099: PDB '' was not found with 'libcrypto.lib(async_err.obj)' or at ''; linking object as if no debug info
libcrypto.lib(kdf_err.obj) : warning LNK4099: PDB '' was not found with 'libcrypto.lib(kdf_err.obj)' or at ''; linking object as if no debug info
libcrypto.lib(camellia.obj) : warning LNK4099: PDB '' was not found with 'libcrypto.lib(camellia.obj)' or at ''; linking object as if no debug info
libcrypto.lib(bn_nist.obj) : warning LNK4099: PDB '' was not found with 'libcrypto.lib(bn_nist.obj)' or at ''; linking object as if no debug info
libcrypto.lib(ecp_mont.obj) : warning LNK4099: PDB '' was not found with 'libcrypto.lib(ecp_mont.obj)' or at ''; linking object as if no debug info
libcrypto.lib(ecp_nist.obj) : warning LNK4099: PDB '' was not found with 'libcrypto.lib(ecp_nist.obj)' or at ''; linking object as if no debug info
libcrypto.lib(ec2_smpl.obj) : warning LNK4099: PDB '' was not found with 'libcrypto.lib(ec2_smpl.obj)' or at ''; linking object as if no debug info
libcrypto.lib(dh_gen.obj) : warning LNK4099: PDB '' was not found with 'libcrypto.lib(dh_gen.obj)' or at ''; linking object as if no debug info
libcrypto.lib(dh_kdf.obj) : warning LNK4099: PDB '' was not found with 'libcrypto.lib(dh_kdf.obj)' or at ''; linking object as if no debug info
libcrypto.lib(dsa_gen.obj) : warning LNK4099: PDB '' was not found with 'libcrypto.lib(dsa_gen.obj)' or at ''; linking object as if no debug info
libcrypto.lib(dsa_key.obj) : warning LNK4099: PDB '' was not found with 'libcrypto.lib(dsa_key.obj)' or at ''; linking object as if no debug info
libcrypto.lib(ecdh_kdf.obj) : warning LNK4099: PDB '' was not found with 'libcrypto.lib(ecdh_kdf.obj)' or at ''; linking object as if no debug info
libcrypto.lib(ecdsa_sign.obj) : warning LNK4099: PDB '' was not found with 'libcrypto.lib(ecdsa_sign.obj)' or at ''; linking object as if no debug info
libcrypto.lib(ecdsa_vrf.obj) : warning LNK4099: PDB '' was not found with 'libcrypto.lib(ecdsa_vrf.obj)' or at ''; linking object as if no debug info
libcrypto.lib(rsa_gen.obj) : warning LNK4099: PDB '' was not found with 'libcrypto.lib(rsa_gen.obj)' or at ''; linking object as if no debug info
libcrypto.lib(rsa_sign.obj) : warning LNK4099: PDB '' was not found with 'libcrypto.lib(rsa_sign.obj)' or at ''; linking object as if no debug info
libcrypto.lib(rsa_saos.obj) : warning LNK4099: PDB '' was not found with 'libcrypto.lib(rsa_saos.obj)' or at ''; linking object as if no debug info
libcrypto.lib(rsa_pss.obj) : warning LNK4099: PDB '' was not found with 'libcrypto.lib(rsa_pss.obj)' or at ''; linking object as if no debug info
libcrypto.lib(ct_prn.obj) : warning LNK4099: PDB '' was not found with 'libcrypto.lib(ct_prn.obj)' or at ''; linking object as if no debug info
libcrypto.lib(x509rset.obj) : warning LNK4099: PDB '' was not found with 'libcrypto.lib(x509rset.obj)' or at ''; linking object as if no debug info
libcrypto.lib(bss_null.obj) : warning LNK4099: PDB '' was not found with 'libcrypto.lib(bss_null.obj)' or at ''; linking object as if no debug info
libcrypto.lib(bio_md.obj) : warning LNK4099: PDB '' was not found with 'libcrypto.lib(bio_md.obj)' or at ''; linking object as if no debug info
libcrypto.lib(bio_enc.obj) : warning LNK4099: PDB '' was not found with 'libcrypto.lib(bio_enc.obj)' or at ''; linking object as if no debug info
libcrypto.lib(pk7_attr.obj) : warning LNK4099: PDB '' was not found with 'libcrypto.lib(pk7_attr.obj)' or at ''; linking object as if no debug info
libcrypto.lib(scrypt.obj) : warning LNK4099: PDB '' was not found with 'libcrypto.lib(scrypt.obj)' or at ''; linking object as if no debug info
libcrypto.lib(cms_lib.obj) : warning LNK4099: PDB '' was not found with 'libcrypto.lib(cms_lib.obj)' or at ''; linking object as if no debug info
libcrypto.lib(aes_wrap.obj) : warning LNK4099: PDB '' was not found with 'libcrypto.lib(aes_wrap.obj)' or at ''; linking object as if no debug info
libcrypto.lib(cms_enc.obj) : warning LNK4099: PDB '' was not found with 'libcrypto.lib(cms_enc.obj)' or at ''; linking object as if no debug info
libcrypto.lib(cms_pwri.obj) : warning LNK4099: PDB '' was not found with 'libcrypto.lib(cms_pwri.obj)' or at ''; linking object as if no debug info
libcrypto.lib(cms_att.obj) : warning LNK4099: PDB '' was not found with 'libcrypto.lib(cms_att.obj)' or at ''; linking object as if no debug info
libcrypto.lib(ec_print.obj) : warning LNK4099: PDB '' was not found with 'libcrypto.lib(ec_print.obj)' or at ''; linking object as if no debug info
libcrypto.lib(cms_io.obj) : warning LNK4099: PDB '' was not found with 'libcrypto.lib(cms_io.obj)' or at ''; linking object as if no debug info
libcrypto.lib(bn_kron.obj) : warning LNK4099: PDB '' was not found with 'libcrypto.lib(bn_kron.obj)' or at ''; linking object as if no debug info
libcrypto.lib(bn_sqrt.obj) : warning LNK4099: PDB '' was not found with 'libcrypto.lib(bn_sqrt.obj)' or at ''; linking object as if no debug info
libcrypto.lib(bn_gf2m.obj) : warning LNK4099: PDB '' was not found with 'libcrypto.lib(bn_gf2m.obj)' or at ''; linking object as if no debug info
libcrypto.lib(ui_openssl.obj) : warning LNK4099: PDB '' was not found with 'libcrypto.lib(ui_openssl.obj)' or at ''; linking object as if no debug info
libcrypto.lib(xcbc_enc.obj) : warning LNK4099: PDB '' was not found with 'libcrypto.lib(xcbc_enc.obj)' or at ''; linking object as if no debug info
libcrypto.lib(bf_skey.obj) : warning LNK4099: PDB '' was not found with 'libcrypto.lib(bf_skey.obj)' or at ''; linking object as if no debug info
libcrypto.lib(bf_ecb.obj) : warning LNK4099: PDB '' was not found with 'libcrypto.lib(bf_ecb.obj)' or at ''; linking object as if no debug info
libcrypto.lib(bf_enc.obj) : warning LNK4099: PDB '' was not found with 'libcrypto.lib(bf_enc.obj)' or at ''; linking object as if no debug info
libcrypto.lib(bf_cfb64.obj) : warning LNK4099: PDB '' was not found with 'libcrypto.lib(bf_cfb64.obj)' or at ''; linking object as if no debug info
libcrypto.lib(bf_ofb64.obj) : warning LNK4099: PDB '' was not found with 'libcrypto.lib(bf_ofb64.obj)' or at ''; linking object as if no debug info
libcrypto.lib(c_skey.obj) : warning LNK4099: PDB '' was not found with 'libcrypto.lib(c_skey.obj)' or at ''; linking object as if no debug info
libcrypto.lib(c_ecb.obj) : warning LNK4099: PDB '' was not found with 'libcrypto.lib(c_ecb.obj)' or at ''; linking object as if no debug info
libcrypto.lib(c_enc.obj) : warning LNK4099: PDB '' was not found with 'libcrypto.lib(c_enc.obj)' or at ''; linking object as if no debug info
libcrypto.lib(c_cfb64.obj) : warning LNK4099: PDB '' was not found with 'libcrypto.lib(c_cfb64.obj)' or at ''; linking object as if no debug info
libcrypto.lib(c_ofb64.obj) : warning LNK4099: PDB '' was not found with 'libcrypto.lib(c_ofb64.obj)' or at ''; linking object as if no debug info
libcrypto.lib(blake2b.obj) : warning LNK4099: PDB '' was not found with 'libcrypto.lib(blake2b.obj)' or at ''; linking object as if no debug info
libcrypto.lib(blake2s.obj) : warning LNK4099: PDB '' was not found with 'libcrypto.lib(blake2s.obj)' or at ''; linking object as if no debug info
libcrypto.lib(mdc2dgst.obj) : warning LNK4099: PDB '' was not found with 'libcrypto.lib(mdc2dgst.obj)' or at ''; linking object as if no debug info
libcrypto.lib(rmd_dgst.obj) : warning LNK4099: PDB '' was not found with 'libcrypto.lib(rmd_dgst.obj)' or at ''; linking object as if no debug info
libcrypto.lib(wp_dgst.obj) : warning LNK4099: PDB '' was not found with 'libcrypto.lib(wp_dgst.obj)' or at ''; linking object as if no debug info
libcrypto.lib(ecp_smpl.obj) : warning LNK4099: PDB '' was not found with 'libcrypto.lib(ecp_smpl.obj)' or at ''; linking object as if no debug info
libcrypto.lib(ec2_mult.obj) : warning LNK4099: PDB '' was not found with 'libcrypto.lib(ec2_mult.obj)' or at ''; linking object as if no debug info
libcrypto.lib(cms_dd.obj) : warning LNK4099: PDB '' was not found with 'libcrypto.lib(cms_dd.obj)' or at ''; linking object as if no debug info
libcrypto.lib(bio_ndef.obj) : warning LNK4099: PDB '' was not found with 'libcrypto.lib(bio_ndef.obj)' or at ''; linking object as if no debug info
libcrypto.lib(asn_mime.obj) : warning LNK4099: PDB '' was not found with 'libcrypto.lib(asn_mime.obj)' or at ''; linking object as if no debug info
libcrypto.lib(wp_block.obj) : warning LNK4099: PDB '' was not found with 'libcrypto.lib(wp_block.obj)' or at ''; linking object as if no debug info
libcrypto.lib(bio_asn1.obj) : warning LNK4099: PDB '' was not found with 'libcrypto.lib(bio_asn1.obj)' or at ''; linking object as if no debug info
libcrypto.lib(bio_b64.obj) : warning LNK4099: PDB '' was not found with 'libcrypto.lib(bio_b64.obj)' or at ''; linking object as if no debug info
  Azure_osc_sphericalInstrument.vcxproj -> C:\Users\dbisig\Programming\of_v0.12.0\apps\myApps\Azure_osc_sphericalInstrument_player\bin\Azure_osc_sphericalInstrument.exe
  
  	                   2	C:\Users\dbisig\Programming\of_v0.12.0\libs\fmod\lib\vs\x64\
  	  *EXTRA File 		142537144	C:\Users\dbisig\Programming\of_v0.12.0\apps\myApps\Azure_osc_sphericalInstrument_player\bin\cublas64_11.dll
  	  *EXTRA File 		282045352	C:\Users\dbisig\Programming\of_v0.12.0\apps\myApps\Azure_osc_sphericalInstrument_player\bin\cublasLt64_11.dll
  	  *EXTRA File 		  512424	C:\Users\dbisig\Programming\of_v0.12.0\apps\myApps\Azure_osc_sphericalInstrument_player\bin\cudart64_110.dll
  	  *EXTRA File 		  233920	C:\Users\dbisig\Programming\of_v0.12.0\apps\myApps\Azure_osc_sphericalInstrument_player\bin\cudnn64_8.dll
  	  *EXTRA File 		629642688	C:\Users\dbisig\Programming\of_v0.12.0\apps\myApps\Azure_osc_sphericalInstrument_player\bin\cudnn_cnn_infer64_8.dll
  	  *EXTRA File 		362977712	C:\Users\dbisig\Programming\of_v0.12.0\apps\myApps\Azure_osc_sphericalInstrument_player\bin\cudnn_ops_infer64_8.dll
  	  *EXTRA File 		361533864	C:\Users\dbisig\Programming\of_v0.12.0\apps\myApps\Azure_osc_sphericalInstrument_player\bin\cufft64_10.dll
  	  *EXTRA File 		  407472	C:\Users\dbisig\Programming\of_v0.12.0\apps\myApps\Azure_osc_sphericalInstrument_player\bin\depthengine_2_0.dll
  	  *EXTRA File 		 9487256	C:\Users\dbisig\Programming\of_v0.12.0\apps\myApps\Azure_osc_sphericalInstrument_player\bin\directml.dll
  	  *EXTRA File 		 6942208	C:\Users\dbisig\Programming\of_v0.12.0\apps\myApps\Azure_osc_sphericalInstrument_player\bin\FreeImage.dll
  	  *EXTRA File 		  634288	C:\Users\dbisig\Programming\of_v0.12.0\apps\myApps\Azure_osc_sphericalInstrument_player\bin\k4a.dll
  	  *EXTRA File 		 4519856	C:\Users\dbisig\Programming\of_v0.12.0\apps\myApps\Azure_osc_sphericalInstrument_player\bin\k4abt.dll
  	  *EXTRA File 		 1612224	C:\Users\dbisig\Programming\of_v0.12.0\apps\myApps\Azure_osc_sphericalInstrument_player\bin\k4arecord.dll
  	  *EXTRA File 		361680016	C:\Users\dbisig\Programming\of_v0.12.0\apps\myApps\Azure_osc_sphericalInstrument_player\bin\nvinfer.dll
  	  *EXTRA File 		26050704	C:\Users\dbisig\Programming\of_v0.12.0\apps\myApps\Azure_osc_sphericalInstrument_player\bin\nvinfer_plugin.dll
  	  *EXTRA File 		 7072200	C:\Users\dbisig\Programming\of_v0.12.0\apps\myApps\Azure_osc_sphericalInstrument_player\bin\nvrtc-builtins64_114.dll
  	  *EXTRA File 		32611752	C:\Users\dbisig\Programming\of_v0.12.0\apps\myApps\Azure_osc_sphericalInstrument_player\bin\nvrtc64_112_0.dll
  	  *EXTRA File 		11994544	C:\Users\dbisig\Programming\of_v0.12.0\apps\myApps\Azure_osc_sphericalInstrument_player\bin\onnxruntime.dll
  	  *EXTRA File 		254585248	C:\Users\dbisig\Programming\of_v0.12.0\apps\myApps\Azure_osc_sphericalInstrument_player\bin\onnxruntime_providers_cuda.dll
  	  *EXTRA File 		   19864	C:\Users\dbisig\Programming\of_v0.12.0\apps\myApps\Azure_osc_sphericalInstrument_player\bin\onnxruntime_providers_shared.dll
  	  *EXTRA File 		 1879472	C:\Users\dbisig\Programming\of_v0.12.0\apps\myApps\Azure_osc_sphericalInstrument_player\bin\onnxruntime_providers_tensorrt.dll
  
  	                   1	C:\Users\dbisig\Programming\of_v0.12.0\libs\FreeImage\lib\vs\x64\
  	  *EXTRA File 		142537144	C:\Users\dbisig\Programming\of_v0.12.0\apps\myApps\Azure_osc_sphericalInstrument_player\bin\cublas64_11.dll
  	  *EXTRA File 		282045352	C:\Users\dbisig\Programming\of_v0.12.0\apps\myApps\Azure_osc_sphericalInstrument_player\bin\cublasLt64_11.dll
  	  *EXTRA File 		  512424	C:\Users\dbisig\Programming\of_v0.12.0\apps\myApps\Azure_osc_sphericalInstrument_player\bin\cudart64_110.dll
  	  *EXTRA File 		  233920	C:\Users\dbisig\Programming\of_v0.12.0\apps\myApps\Azure_osc_sphericalInstrument_player\bin\cudnn64_8.dll
  	  *EXTRA File 		629642688	C:\Users\dbisig\Programming\of_v0.12.0\apps\myApps\Azure_osc_sphericalInstrument_player\bin\cudnn_cnn_infer64_8.dll
  	  *EXTRA File 		362977712	C:\Users\dbisig\Programming\of_v0.12.0\apps\myApps\Azure_osc_sphericalInstrument_player\bin\cudnn_ops_infer64_8.dll
  	  *EXTRA File 		361533864	C:\Users\dbisig\Programming\of_v0.12.0\apps\myApps\Azure_osc_sphericalInstrument_player\bin\cufft64_10.dll
  	  *EXTRA File 		  407472	C:\Users\dbisig\Programming\of_v0.12.0\apps\myApps\Azure_osc_sphericalInstrument_player\bin\depthengine_2_0.dll
  	  *EXTRA File 		 9487256	C:\Users\dbisig\Programming\of_v0.12.0\apps\myApps\Azure_osc_sphericalInstrument_player\bin\directml.dll
  	  *EXTRA File 		 1826304	C:\Users\dbisig\Programming\of_v0.12.0\apps\myApps\Azure_osc_sphericalInstrument_player\bin\fmod.dll
  	  *EXTRA File 		 2041856	C:\Users\dbisig\Programming\of_v0.12.0\apps\myApps\Azure_osc_sphericalInstrument_player\bin\fmodL.dll
  	  *EXTRA File 		  634288	C:\Users\dbisig\Programming\of_v0.12.0\apps\myApps\Azure_osc_sphericalInstrument_player\bin\k4a.dll
  	  *EXTRA File 		 4519856	C:\Users\dbisig\Programming\of_v0.12.0\apps\myApps\Azure_osc_sphericalInstrument_player\bin\k4abt.dll
  	  *EXTRA File 		 1612224	C:\Users\dbisig\Programming\of_v0.12.0\apps\myApps\Azure_osc_sphericalInstrument_player\bin\k4arecord.dll
  	  *EXTRA File 		361680016	C:\Users\dbisig\Programming\of_v0.12.0\apps\myApps\Azure_osc_sphericalInstrument_player\bin\nvinfer.dll
  	  *EXTRA File 		26050704	C:\Users\dbisig\Programming\of_v0.12.0\apps\myApps\Azure_osc_sphericalInstrument_player\bin\nvinfer_plugin.dll
  	  *EXTRA File 		 7072200	C:\Users\dbisig\Programming\of_v0.12.0\apps\myApps\Azure_osc_sphericalInstrument_player\bin\nvrtc-builtins64_114.dll
  	  *EXTRA File 		32611752	C:\Users\dbisig\Programming\of_v0.12.0\apps\myApps\Azure_osc_sphericalInstrument_player\bin\nvrtc64_112_0.dll
  	  *EXTRA File 		11994544	C:\Users\dbisig\Programming\of_v0.12.0\apps\myApps\Azure_osc_sphericalInstrument_player\bin\onnxruntime.dll
  	  *EXTRA File 		254585248	C:\Users\dbisig\Programming\of_v0.12.0\apps\myApps\Azure_osc_sphericalInstrument_player\bin\onnxruntime_providers_cuda.dll
  	  *EXTRA File 		   19864	C:\Users\dbisig\Programming\of_v0.12.0\apps\myApps\Azure_osc_sphericalInstrument_player\bin\onnxruntime_providers_shared.dll
  	  *EXTRA File 		 1879472	C:\Users\dbisig\Programming\of_v0.12.0\apps\myApps\Azure_osc_sphericalInstrument_player\bin\onnxruntime_providers_tensorrt.dll
