C:\Program Files\Microsoft Visual Studio\2022\Community\MSBuild\Microsoft\VC\v170\Microsoft.CppBuild.targets(514,5): warning MSB8028: The intermediate directory (obj\x64\Release\) contains files shared from another project (Azure_osc_sphericalInstrument.vcxproj).  This can lead to incorrect clean and rebuild behavior.
  main.cpp
  ofApp.cpp
C:\Users\ephra\Documents\of_v0.12.0_vs_release\libs\openFrameworks\math\ofMatrix4x4.h(326,1): warning C4267: 'argument': conversion from 'size_t' to 'int', possible loss of data (compiling source file src\main.cpp)
C:\Users\ephra\Documents\of_v0.12.0_vs_release\libs\openFrameworks\math\ofMatrix4x4.h(331,1): warning C4267: 'argument': conversion from 'size_t' to 'int', possible loss of data (compiling source file src\main.cpp)
C:\Users\ephra\Documents\of_v0.12.0_vs_release\libs\openFrameworks\math\ofMatrix4x4.h(326,1): warning C4267: 'argument': conversion from 'size_t' to 'int', possible loss of data (compiling source file src\ofApp.cpp)
C:\Users\ephra\Documents\of_v0.12.0_vs_release\libs\openFrameworks\math\ofMatrix4x4.h(331,1): warning C4267: 'argument': conversion from 'size_t' to 'int', possible loss of data (compiling source file src\ofApp.cpp)
C:\Users\ephra\Documents\of_v0.12.0_vs_release\libs\openFrameworks\math\ofMatrix4x4.h(912,12): warning C4267: 'argument': conversion from 'size_t' to 'int', possible loss of data (compiling source file src\ofApp.cpp)
C:\Users\ephra\Documents\of_v0.12.0_vs_release\libs\openFrameworks\math\ofMatrix4x4.h(912,12): warning C4267: 'argument': conversion from 'size_t' to 'int', possible loss of data (compiling source file src\main.cpp)
C:\Users\ephra\Documents\of_v0.12.0_vs_release\libs\openFrameworks\math\ofMatrix4x4.h(913,12): warning C4267: 'argument': conversion from 'size_t' to 'int', possible loss of data (compiling source file src\ofApp.cpp)
C:\Users\ephra\Documents\of_v0.12.0_vs_release\libs\openFrameworks\math\ofMatrix4x4.h(914,12): warning C4267: 'argument': conversion from 'size_t' to 'int', possible loss of data (compiling source file src\ofApp.cpp)
C:\Users\ephra\Documents\of_v0.12.0_vs_release\libs\openFrameworks\math\ofMatrix4x4.h(913,12): warning C4267: 'argument': conversion from 'size_t' to 'int', possible loss of data (compiling source file src\main.cpp)
C:\Users\ephra\Documents\of_v0.12.0_vs_release\libs\openFrameworks\math\ofMatrix4x4.h(914,12): warning C4267: 'argument': conversion from 'size_t' to 'int', possible loss of data (compiling source file src\main.cpp)
C:\Users\ephra\Documents\of_v0.12.0_vs_release\libs\openFrameworks\math\ofMatrix4x4.h(915,12): warning C4267: 'argument': conversion from 'size_t' to 'int', possible loss of data (compiling source file src\ofApp.cpp)
C:\Users\ephra\Documents\of_v0.12.0_vs_release\libs\openFrameworks\math\ofMatrix4x4.h(915,12): warning C4267: 'argument': conversion from 'size_t' to 'int', possible loss of data (compiling source file src\main.cpp)
C:\Users\ephra\Documents\of_v0.12.0_vs_release\apps\myApps\Azure_osc_sphericalInstrument_player\src\ofApp.cpp(61,57): warning C4267: 'argument': conversion from 'size_t' to 'uint32_t', possible loss of data
  LINK : /LTCG specified but no code generation required; remove /LTCG from the link command line to improve linker performance
  Azure_osc_sphericalInstrument_player.vcxproj -> C:\Users\ephra\Documents\of_v0.12.0_vs_release\apps\myApps\Azure_osc_sphericalInstrument_player\bin\Azure_osc_sphericalInstrument_player.exe
  
  	                   2	C:\Users\ephra\Documents\of_v0.12.0_vs_release\libs\fmod\lib\vs\x64\
  	  *EXTRA File 		142537144	C:\Users\ephra\Documents\of_v0.12.0_vs_release\apps\myApps\Azure_osc_sphericalInstrument_player\bin\cublas64_11.dll
  	  *EXTRA File 		282045352	C:\Users\ephra\Documents\of_v0.12.0_vs_release\apps\myApps\Azure_osc_sphericalInstrument_player\bin\cublasLt64_11.dll
  	  *EXTRA File 		  512424	C:\Users\ephra\Documents\of_v0.12.0_vs_release\apps\myApps\Azure_osc_sphericalInstrument_player\bin\cudart64_110.dll
  	  *EXTRA File 		  233920	C:\Users\ephra\Documents\of_v0.12.0_vs_release\apps\myApps\Azure_osc_sphericalInstrument_player\bin\cudnn64_8.dll
  	  *EXTRA File 		629642688	C:\Users\ephra\Documents\of_v0.12.0_vs_release\apps\myApps\Azure_osc_sphericalInstrument_player\bin\cudnn_cnn_infer64_8.dll
  	  *EXTRA File 		362977712	C:\Users\ephra\Documents\of_v0.12.0_vs_release\apps\myApps\Azure_osc_sphericalInstrument_player\bin\cudnn_ops_infer64_8.dll
  	  *EXTRA File 		361533864	C:\Users\ephra\Documents\of_v0.12.0_vs_release\apps\myApps\Azure_osc_sphericalInstrument_player\bin\cufft64_10.dll
  	  *EXTRA File 		  407472	C:\Users\ephra\Documents\of_v0.12.0_vs_release\apps\myApps\Azure_osc_sphericalInstrument_player\bin\depthengine_2_0.dll
  	  *EXTRA File 		 9487256	C:\Users\ephra\Documents\of_v0.12.0_vs_release\apps\myApps\Azure_osc_sphericalInstrument_player\bin\directml.dll
  	  *EXTRA File 		 6942208	C:\Users\ephra\Documents\of_v0.12.0_vs_release\apps\myApps\Azure_osc_sphericalInstrument_player\bin\FreeImage.dll
  	  *EXTRA File 		  634288	C:\Users\ephra\Documents\of_v0.12.0_vs_release\apps\myApps\Azure_osc_sphericalInstrument_player\bin\k4a.dll
  	  *EXTRA File 		 4519856	C:\Users\ephra\Documents\of_v0.12.0_vs_release\apps\myApps\Azure_osc_sphericalInstrument_player\bin\k4abt.dll
  	  *EXTRA File 		 1612224	C:\Users\ephra\Documents\of_v0.12.0_vs_release\apps\myApps\Azure_osc_sphericalInstrument_player\bin\k4arecord.dll
  	  *EXTRA File 		361680016	C:\Users\ephra\Documents\of_v0.12.0_vs_release\apps\myApps\Azure_osc_sphericalInstrument_player\bin\nvinfer.dll
  	  *EXTRA File 		26050704	C:\Users\ephra\Documents\of_v0.12.0_vs_release\apps\myApps\Azure_osc_sphericalInstrument_player\bin\nvinfer_plugin.dll
  	  *EXTRA File 		 7072200	C:\Users\ephra\Documents\of_v0.12.0_vs_release\apps\myApps\Azure_osc_sphericalInstrument_player\bin\nvrtc-builtins64_114.dll
  	  *EXTRA File 		32611752	C:\Users\ephra\Documents\of_v0.12.0_vs_release\apps\myApps\Azure_osc_sphericalInstrument_player\bin\nvrtc64_112_0.dll
  	  *EXTRA File 		11994544	C:\Users\ephra\Documents\of_v0.12.0_vs_release\apps\myApps\Azure_osc_sphericalInstrument_player\bin\onnxruntime.dll
  	  *EXTRA File 		254585248	C:\Users\ephra\Documents\of_v0.12.0_vs_release\apps\myApps\Azure_osc_sphericalInstrument_player\bin\onnxruntime_providers_cuda.dll
  	  *EXTRA File 		   19864	C:\Users\ephra\Documents\of_v0.12.0_vs_release\apps\myApps\Azure_osc_sphericalInstrument_player\bin\onnxruntime_providers_shared.dll
  	  *EXTRA File 		 1879472	C:\Users\ephra\Documents\of_v0.12.0_vs_release\apps\myApps\Azure_osc_sphericalInstrument_player\bin\onnxruntime_providers_tensorrt.dll
  
  	                   1	C:\Users\ephra\Documents\of_v0.12.0_vs_release\libs\FreeImage\lib\vs\x64\
  	  *EXTRA File 		142537144	C:\Users\ephra\Documents\of_v0.12.0_vs_release\apps\myApps\Azure_osc_sphericalInstrument_player\bin\cublas64_11.dll
  	  *EXTRA File 		282045352	C:\Users\ephra\Documents\of_v0.12.0_vs_release\apps\myApps\Azure_osc_sphericalInstrument_player\bin\cublasLt64_11.dll
  	  *EXTRA File 		  512424	C:\Users\ephra\Documents\of_v0.12.0_vs_release\apps\myApps\Azure_osc_sphericalInstrument_player\bin\cudart64_110.dll
  	  *EXTRA File 		  233920	C:\Users\ephra\Documents\of_v0.12.0_vs_release\apps\myApps\Azure_osc_sphericalInstrument_player\bin\cudnn64_8.dll
  	  *EXTRA File 		629642688	C:\Users\ephra\Documents\of_v0.12.0_vs_release\apps\myApps\Azure_osc_sphericalInstrument_player\bin\cudnn_cnn_infer64_8.dll
  	  *EXTRA File 		362977712	C:\Users\ephra\Documents\of_v0.12.0_vs_release\apps\myApps\Azure_osc_sphericalInstrument_player\bin\cudnn_ops_infer64_8.dll
  	  *EXTRA File 		361533864	C:\Users\ephra\Documents\of_v0.12.0_vs_release\apps\myApps\Azure_osc_sphericalInstrument_player\bin\cufft64_10.dll
  	  *EXTRA File 		  407472	C:\Users\ephra\Documents\of_v0.12.0_vs_release\apps\myApps\Azure_osc_sphericalInstrument_player\bin\depthengine_2_0.dll
  	  *EXTRA File 		 9487256	C:\Users\ephra\Documents\of_v0.12.0_vs_release\apps\myApps\Azure_osc_sphericalInstrument_player\bin\directml.dll
  	  *EXTRA File 		 1826304	C:\Users\ephra\Documents\of_v0.12.0_vs_release\apps\myApps\Azure_osc_sphericalInstrument_player\bin\fmod.dll
  	  *EXTRA File 		 2041856	C:\Users\ephra\Documents\of_v0.12.0_vs_release\apps\myApps\Azure_osc_sphericalInstrument_player\bin\fmodL.dll
  	  *EXTRA File 		  634288	C:\Users\ephra\Documents\of_v0.12.0_vs_release\apps\myApps\Azure_osc_sphericalInstrument_player\bin\k4a.dll
  	  *EXTRA File 		 4519856	C:\Users\ephra\Documents\of_v0.12.0_vs_release\apps\myApps\Azure_osc_sphericalInstrument_player\bin\k4abt.dll
  	  *EXTRA File 		 1612224	C:\Users\ephra\Documents\of_v0.12.0_vs_release\apps\myApps\Azure_osc_sphericalInstrument_player\bin\k4arecord.dll
  	  *EXTRA File 		361680016	C:\Users\ephra\Documents\of_v0.12.0_vs_release\apps\myApps\Azure_osc_sphericalInstrument_player\bin\nvinfer.dll
  	  *EXTRA File 		26050704	C:\Users\ephra\Documents\of_v0.12.0_vs_release\apps\myApps\Azure_osc_sphericalInstrument_player\bin\nvinfer_plugin.dll
  	  *EXTRA File 		 7072200	C:\Users\ephra\Documents\of_v0.12.0_vs_release\apps\myApps\Azure_osc_sphericalInstrument_player\bin\nvrtc-builtins64_114.dll
  	  *EXTRA File 		32611752	C:\Users\ephra\Documents\of_v0.12.0_vs_release\apps\myApps\Azure_osc_sphericalInstrument_player\bin\nvrtc64_112_0.dll
  	  *EXTRA File 		11994544	C:\Users\ephra\Documents\of_v0.12.0_vs_release\apps\myApps\Azure_osc_sphericalInstrument_player\bin\onnxruntime.dll
  	  *EXTRA File 		254585248	C:\Users\ephra\Documents\of_v0.12.0_vs_release\apps\myApps\Azure_osc_sphericalInstrument_player\bin\onnxruntime_providers_cuda.dll
  	  *EXTRA File 		   19864	C:\Users\ephra\Documents\of_v0.12.0_vs_release\apps\myApps\Azure_osc_sphericalInstrument_player\bin\onnxruntime_providers_shared.dll
  	  *EXTRA File 		 1879472	C:\Users\ephra\Documents\of_v0.12.0_vs_release\apps\myApps\Azure_osc_sphericalInstrument_player\bin\onnxruntime_providers_tensorrt.dll
